TN:
SF:src\cache.ts
FN:16,initializeCache
FN:33,generateCacheKey
FN:35,(anonymous_3)
FN:49,isCacheValid
FN:79,getFromCache
FN:102,writeToCache
FN:111,(anonymous_7)
FN:127,cleanupExpiredCache
FN:166,cachedFetch
FNF:9
FNH:0
FNDA:0,initializeCache
FNDA:0,generateCacheKey
FNDA:0,(anonymous_3)
FNDA:0,isCacheValid
FNDA:0,getFromCache
FNDA:0,writeToCache
FNDA:0,(anonymous_7)
FNDA:0,cleanupExpiredCache
FNDA:0,cachedFetch
DA:2,0
DA:3,0
DA:4,0
DA:5,0
DA:6,0
DA:9,0
DA:11,0
DA:16,0
DA:17,0
DA:18,0
DA:19,0
DA:22,0
DA:23,0
DA:33,0
DA:35,0
DA:36,0
DA:37,0
DA:40,0
DA:41,0
DA:49,0
DA:50,0
DA:51,0
DA:52,0
DA:53,0
DA:56,0
DA:57,0
DA:60,0
DA:61,0
DA:62,0
DA:63,0
DA:66,0
DA:69,0
DA:70,0
DA:79,0
DA:80,0
DA:81,0
DA:82,0
DA:85,0
DA:86,0
DA:87,0
DA:88,0
DA:91,0
DA:92,0
DA:102,0
DA:107,0
DA:108,0
DA:110,0
DA:112,0
DA:113,0
DA:119,0
DA:127,0
DA:128,0
DA:129,0
DA:130,0
DA:131,0
DA:134,0
DA:135,0
DA:136,0
DA:138,0
DA:139,0
DA:140,0
DA:141,0
DA:143,0
DA:144,0
DA:145,0
DA:146,0
DA:151,0
DA:154,0
DA:166,0
DA:172,0
DA:174,0
DA:177,0
DA:180,0
DA:181,0
DA:182,0
DA:186,0
DA:187,0
DA:190,0
DA:192,0
DA:195,0
DA:196,0
LF:81
LH:0
BRDA:22,0,0,0
BRDA:22,0,1,0
BRDA:33,1,0,0
BRDA:52,2,0,0
BRDA:52,2,1,0
BRDA:60,3,0,0
BRDA:60,3,1,0
BRDA:69,4,0,0
BRDA:69,4,1,0
BRDA:81,5,0,0
BRDA:81,5,1,0
BRDA:91,6,0,0
BRDA:91,6,1,0
BRDA:115,7,0,0
BRDA:115,7,1,0
BRDA:119,8,0,0
BRDA:119,8,1,0
BRDA:129,9,0,0
BRDA:129,9,1,0
BRDA:139,10,0,0
BRDA:139,10,1,0
BRDA:143,11,0,0
BRDA:143,11,1,0
BRDA:154,12,0,0
BRDA:154,12,1,0
BRDA:169,13,0,0
BRDA:181,14,0,0
BRDA:181,14,1,0
BRDA:195,15,0,0
BRDA:195,15,1,0
BRF:30
BRH:0
end_of_record
TN:
SF:src\cli.ts
FN:12,isGitRepository
FN:108,run
FN:120,(anonymous_3)
FNF:3
FNH:0
FNDA:0,isGitRepository
FNDA:0,run
FNDA:0,(anonymous_3)
DA:2,0
DA:4,0
DA:5,0
DA:6,0
DA:7,0
DA:8,0
DA:9,0
DA:13,0
DA:14,0
DA:15,0
DA:16,0
DA:19,0
DA:24,0
DA:71,0
DA:72,0
DA:73,0
DA:77,0
DA:78,0
DA:79,0
DA:80,0
DA:81,0
DA:82,0
DA:83,0
DA:84,0
DA:85,0
DA:86,0
DA:87,0
DA:88,0
DA:89,0
DA:90,0
DA:91,0
DA:92,0
DA:93,0
DA:94,0
DA:95,0
DA:96,0
DA:97,0
DA:98,0
DA:99,0
DA:100,0
DA:101,0
DA:102,0
DA:103,0
DA:104,0
DA:109,0
DA:110,0
DA:111,0
DA:112,0
DA:116,0
DA:120,0
DA:137,0
DA:140,0
DA:141,0
DA:144,0
DA:148,0
DA:154,0
DA:155,0
DA:160,0
DA:163,0
DA:164,0
DA:167,0
DA:169,0
DA:170,0
DA:171,0
DA:174,0
DA:175,0
DA:180,0
LF:67
LH:0
BRDA:71,0,0,0
BRDA:71,0,1,0
BRDA:77,1,0,0
BRDA:77,1,1,0
BRDA:110,2,0,0
BRDA:110,2,1,0
BRDA:120,3,0,0
BRDA:120,3,1,0
BRDA:128,4,0,0
BRDA:128,4,1,0
BRDA:140,5,0,0
BRDA:140,5,1,0
BRDA:154,6,0,0
BRDA:154,6,1,0
BRDA:154,7,0,0
BRDA:154,7,1,0
BRDA:160,8,0,0
BRDA:160,8,1,0
BRDA:163,9,0,0
BRDA:163,9,1,0
BRDA:163,9,2,0
BRDA:164,10,0,0
BRDA:164,10,1,0
BRF:23
BRH:0
end_of_record
TN:
SF:src\config.example.ts
FNF:0
FNH:0
DA:1,0
DA:4,0
LF:2
LH:0
BRF:0
BRH:0
end_of_record
TN:
SF:src\config.ts
FN:45,validateConfig
FN:76,loadConfig
FN:118,saveConfig
FNF:3
FNH:0
FNDA:0,validateConfig
FNDA:0,loadConfig
FNDA:0,saveConfig
DA:2,0
DA:3,0
DA:5,0
DA:6,0
DA:7,0
DA:9,0
DA:30,0
DA:47,0
DA:48,0
DA:49,0
DA:50,0
DA:55,0
DA:56,0
DA:57,0
DA:59,0
DA:60,0
DA:62,0
DA:63,0
DA:68,0
DA:69,0
DA:76,0
DA:78,0
DA:79,0
DA:80,0
DA:81,0
DA:82,0
DA:83,0
DA:86,0
DA:87,0
DA:89,0
DA:90,0
DA:92,0
DA:93,0
DA:97,0
DA:101,0
DA:102,0
DA:105,0
DA:110,0
DA:118,0
DA:122,0
DA:124,0
DA:125,0
DA:126,0
DA:128,0
DA:129,0
DA:130,0
DA:133,0
DA:134,0
DA:135,0
DA:138,0
DA:139,0
DA:140,0
DA:143,0
LF:53
LH:0
BRDA:47,0,0,0
BRDA:47,0,1,0
BRDA:49,1,0,0
BRDA:49,1,1,0
BRDA:55,2,0,0
BRDA:55,2,1,0
BRDA:56,3,0,0
BRDA:56,3,1,0
BRDA:56,4,0,0
BRDA:56,4,1,0
BRDA:59,5,0,0
BRDA:59,5,1,0
BRDA:59,6,0,0
BRDA:59,6,1,0
BRDA:62,7,0,0
BRDA:62,7,1,0
BRDA:62,8,0,0
BRDA:62,8,1,0
BRDA:68,9,0,0
BRDA:68,9,1,0
BRDA:68,10,0,0
BRDA:68,10,1,0
BRDA:80,11,0,0
BRDA:80,11,1,0
BRDA:86,12,0,0
BRDA:86,12,1,0
BRDA:89,13,0,0
BRDA:89,13,1,0
BRDA:89,14,0,0
BRDA:89,14,1,0
BRDA:92,15,0,0
BRDA:92,15,1,0
BRDA:118,16,0,0
BRDA:122,17,0,0
BRDA:122,17,1,0
BRDA:122,17,2,0
BRDA:122,17,3,0
BRF:37
BRH:0
end_of_record
TN:
SF:src\conflict.ts
FN:12,(anonymous_1)
FN:24,(anonymous_2)
FN:77,(anonymous_3)
FN:87,(anonymous_4)
FN:148,(anonymous_5)
FN:200,(anonymous_6)
FN:243,(anonymous_7)
FN:333,(anonymous_8)
FN:406,(anonymous_9)
FN:484,(anonymous_10)
FN:512,shouldIgnore
FNF:11
FNH:0
FNDA:0,(anonymous_1)
FNDA:0,(anonymous_2)
FNDA:0,(anonymous_3)
FNDA:0,(anonymous_4)
FNDA:0,(anonymous_5)
FNDA:0,(anonymous_6)
FNDA:0,(anonymous_7)
FNDA:0,(anonymous_8)
FNDA:0,(anonymous_9)
FNDA:0,(anonymous_10)
FNDA:0,shouldIgnore
DA:1,0
DA:2,0
DA:3,0
DA:4,0
DA:5,0
DA:6,0
DA:7,0
DA:12,0
DA:14,0
DA:16,0
DA:18,0
DA:24,0
DA:26,0
DA:28,0
DA:30,0
DA:32,0
DA:70,0
DA:78,0
DA:91,0
DA:92,0
DA:93,0
DA:96,0
DA:97,0
DA:101,0
DA:102,0
DA:104,0
DA:105,0
DA:115,0
DA:116,0
DA:120,0
DA:121,0
DA:123,0
DA:124,0
DA:134,0
DA:137,0
DA:153,0
DA:155,0
DA:157,0
DA:159,0
DA:160,0
DA:161,0
DA:162,0
DA:165,0
DA:166,0
DA:169,0
DA:171,0
DA:176,0
DA:180,0
DA:181,0
DA:182,0
DA:187,0
DA:190,0
DA:204,0
DA:207,0
DA:208,0
DA:209,0
DA:210,0
DA:212,0
DA:213,0
DA:218,0
DA:219,0
DA:221,0
DA:223,0
DA:225,0
DA:227,0
DA:228,0
DA:232,0
DA:233,0
DA:248,0
DA:249,0
DA:250,0
DA:252,0
DA:254,0
DA:255,0
DA:256,0
DA:257,0
DA:260,0
DA:261,0
DA:262,0
DA:266,0
DA:267,0
DA:268,0
DA:271,0
DA:276,0
DA:277,0
DA:278,0
DA:281,0
DA:282,0
DA:284,0
DA:288,0
DA:289,0
DA:290,0
DA:294,0
DA:305,0
DA:307,0
DA:308,0
DA:311,0
DA:315,0
DA:316,0
DA:320,0
DA:321,0
DA:324,0
DA:338,0
DA:341,0
DA:342,0
DA:344,0
DA:347,0
DA:348,0
DA:350,0
DA:351,0
DA:353,0
DA:356,0
DA:358,0
DA:359,0
DA:360,0
DA:363,0
DA:364,0
DA:365,0
DA:369,0
DA:370,0
DA:371,0
DA:375,0
DA:385,0
DA:388,0
DA:389,0
DA:393,0
DA:394,0
DA:397,0
DA:410,0
DA:413,0
DA:414,0
DA:416,0
DA:419,0
DA:420,0
DA:424,0
DA:425,0
DA:426,0
DA:427,0
DA:428,0
DA:431,0
DA:433,0
DA:434,0
DA:437,0
DA:439,0
DA:442,0
DA:443,0
DA:444,0
DA:448,0
DA:449,0
DA:450,0
DA:454,0
DA:464,0
DA:467,0
DA:468,0
DA:472,0
DA:473,0
DA:476,0
DA:485,0
DA:487,0
DA:488,0
DA:489,0
DA:492,0
DA:494,0
DA:495,0
DA:496,0
DA:497,0
DA:501,0
DA:502,0
DA:514,0
DA:515,0
DA:516,0
DA:519,0
LF:172
LH:0
BRDA:12,0,0,0
BRDA:12,0,1,0
BRDA:24,1,0,0
BRDA:24,1,1,0
BRDA:96,2,0,0
BRDA:96,2,1,0
BRDA:96,3,0,0
BRDA:96,3,1,0
BRDA:104,4,0,0
BRDA:104,4,1,0
BRDA:109,5,0,0
BRDA:109,5,1,0
BRDA:110,6,0,0
BRDA:110,6,1,0
BRDA:115,7,0,0
BRDA:115,7,1,0
BRDA:115,8,0,0
BRDA:115,8,1,0
BRDA:123,9,0,0
BRDA:123,9,1,0
BRDA:151,10,0,0
BRDA:165,11,0,0
BRDA:165,11,1,0
BRDA:169,12,0,0
BRDA:169,12,1,0
BRDA:181,13,0,0
BRDA:181,13,1,0
BRDA:204,14,0,0
BRDA:204,14,1,0
BRDA:207,15,0,0
BRDA:207,15,1,0
BRDA:207,16,0,0
BRDA:207,16,1,0
BRDA:209,17,0,0
BRDA:209,17,1,0
BRDA:212,18,0,0
BRDA:212,18,1,0
BRDA:219,19,0,0
BRDA:219,19,1,0
BRDA:219,19,2,0
BRDA:219,19,3,0
BRDA:232,20,0,0
BRDA:232,20,1,0
BRDA:250,21,0,0
BRDA:250,21,1,0
BRDA:252,22,0,0
BRDA:252,22,1,0
BRDA:252,22,2,0
BRDA:252,22,3,0
BRDA:252,22,4,0
BRDA:281,23,0,0
BRDA:281,23,1,0
BRDA:288,24,0,0
BRDA:288,24,1,0
BRDA:305,25,0,0
BRDA:305,25,1,0
BRDA:320,26,0,0
BRDA:320,26,1,0
BRDA:320,27,0,0
BRDA:320,27,1,0
BRDA:342,28,0,0
BRDA:342,28,1,0
BRDA:344,29,0,0
BRDA:344,29,1,0
BRDA:344,29,2,0
BRDA:344,29,3,0
BRDA:347,30,0,0
BRDA:347,30,1,0
BRDA:350,31,0,0
BRDA:350,31,1,0
BRDA:369,32,0,0
BRDA:369,32,1,0
BRDA:393,33,0,0
BRDA:393,33,1,0
BRDA:393,34,0,0
BRDA:393,34,1,0
BRDA:414,35,0,0
BRDA:414,35,1,0
BRDA:416,36,0,0
BRDA:416,36,1,0
BRDA:416,36,2,0
BRDA:416,36,3,0
BRDA:419,37,0,0
BRDA:419,37,1,0
BRDA:424,38,0,0
BRDA:424,38,1,0
BRDA:426,39,0,0
BRDA:426,39,1,0
BRDA:448,40,0,0
BRDA:448,40,1,0
BRDA:472,41,0,0
BRDA:472,41,1,0
BRDA:472,42,0,0
BRDA:472,42,1,0
BRDA:487,43,0,0
BRDA:487,43,1,0
BRDA:496,44,0,0
BRDA:496,44,1,0
BRDA:515,45,0,0
BRDA:515,45,1,0
BRF:100
BRH:0
end_of_record
TN:
SF:src\hash.ts
FN:12,getFileHash
FN:40,getDirectoryHashes
FN:120,saveHashes
FN:129,loadHashes
FNF:4
FNH:0
FNDA:0,getFileHash
FNDA:0,getDirectoryHashes
FNDA:0,saveHashes
FNDA:0,loadHashes
DA:1,0
DA:3,0
DA:4,0
DA:5,0
DA:12,0
DA:13,0
DA:15,0
DA:16,0
DA:17,0
DA:20,0
DA:21,0
DA:24,0
DA:25,0
DA:28,0
DA:30,0
DA:40,0
DA:45,0
DA:46,0
DA:49,0
DA:50,0
DA:51,0
DA:54,0
DA:56,0
DA:57,0
DA:58,0
DA:59,0
DA:61,0
DA:63,0
DA:64,0
DA:68,0
DA:69,0
DA:70,0
DA:74,0
DA:76,0
DA:77,0
DA:78,0
DA:81,0
DA:82,0
DA:83,0
DA:84,0
DA:87,0
DA:88,0
DA:89,0
DA:92,0
DA:95,0
DA:96,0
DA:101,0
DA:106,0
DA:109,0
DA:111,0
DA:120,0
DA:121,0
DA:129,0
DA:130,0
DA:131,0
DA:133,0
LF:56
LH:0
BRDA:16,0,0,0
BRDA:16,0,1,0
BRDA:24,1,0,0
BRDA:24,1,1,0
BRDA:42,2,0,0
BRDA:50,3,0,0
BRDA:50,3,1,0
BRDA:63,4,0,0
BRDA:63,4,1,0
BRDA:68,5,0,0
BRDA:68,5,1,0
BRDA:76,6,0,0
BRDA:76,6,1,0
BRDA:82,7,0,0
BRDA:82,7,1,0
BRDA:87,8,0,0
BRDA:87,8,1,0
BRDA:130,9,0,0
BRDA:130,9,1,0
BRF:19
BRH:0
end_of_record
TN:
SF:src\lfs.ts
FN:16,getFileSha256
FN:20,(anonymous_2)
FN:21,(anonymous_3)
FN:25,(anonymous_4)
FN:29,(anonymous_5)
FN:41,readFileInChunks
FN:87,writeFileInChunks
FN:97,(anonymous_8)
FN:104,(anonymous_9)
FN:130,isLargeFile
FNF:10
FNH:0
FNDA:0,getFileSha256
FNDA:0,(anonymous_2)
FNDA:0,(anonymous_3)
FNDA:0,(anonymous_4)
FNDA:0,(anonymous_5)
FNDA:0,readFileInChunks
FNDA:0,writeFileInChunks
FNDA:0,(anonymous_8)
FNDA:0,(anonymous_9)
FNDA:0,isLargeFile
DA:2,0
DA:3,0
DA:4,0
DA:5,0
DA:6,0
DA:9,0
DA:16,0
DA:17,0
DA:18,0
DA:20,0
DA:21,0
DA:22,0
DA:25,0
DA:26,0
DA:29,0
DA:30,0
DA:41,0
DA:45,0
DA:46,0
DA:47,0
DA:48,0
DA:51,0
DA:52,0
DA:53,0
DA:55,0
DA:56,0
DA:57,0
DA:58,0
DA:60,0
DA:61,0
DA:62,0
DA:63,0
DA:64,0
DA:65,0
DA:68,0
DA:72,0
DA:73,0
DA:76,0
DA:77,0
DA:87,0
DA:92,0
DA:94,0
DA:97,0
DA:99,0
DA:100,0
DA:101,0
DA:102,0
DA:103,0
DA:105,0
DA:106,0
DA:113,0
DA:116,0
DA:119,0
DA:120,0
DA:130,0
DA:131,0
DA:132,0
DA:133,0
DA:136,0
DA:137,0
LF:60
LH:0
BRDA:47,0,0,0
BRDA:47,0,1,0
BRDA:76,1,0,0
BRDA:76,1,1,0
BRDA:108,2,0,0
BRDA:108,2,1,0
BRDA:119,3,0,0
BRDA:119,3,1,0
BRDA:130,4,0,0
BRDA:133,5,0,0
BRDA:133,5,1,0
BRDA:136,6,0,0
BRDA:136,6,1,0
BRF:13
BRH:0
end_of_record
TN:
SF:src\logger.ts
FN:8,(anonymous_1)
FN:47,(anonymous_2)
FN:64,(anonymous_3)
FN:69,(anonymous_4)
FN:79,(anonymous_5)
FN:83,(anonymous_6)
FN:91,(anonymous_7)
FN:99,(anonymous_8)
FN:105,(anonymous_9)
FN:113,(anonymous_10)
FN:121,(anonymous_11)
FN:129,(anonymous_12)
FN:143,(anonymous_13)
FN:151,(anonymous_14)
FNF:14
FNH:0
FNDA:0,(anonymous_1)
FNDA:0,(anonymous_2)
FNDA:0,(anonymous_3)
FNDA:0,(anonymous_4)
FNDA:0,(anonymous_5)
FNDA:0,(anonymous_6)
FNDA:0,(anonymous_7)
FNDA:0,(anonymous_8)
FNDA:0,(anonymous_9)
FNDA:0,(anonymous_10)
FNDA:0,(anonymous_11)
FNDA:0,(anonymous_12)
FNDA:0,(anonymous_13)
FNDA:0,(anonymous_14)
DA:2,0
DA:3,0
DA:4,0
DA:5,0
DA:6,0
DA:8,0
DA:9,0
DA:10,0
DA:11,0
DA:12,0
DA:13,0
DA:14,0
DA:27,0
DA:35,0
DA:38,0
DA:48,0
DA:49,0
DA:58,0
DA:59,0
DA:65,0
DA:70,0
DA:71,0
DA:73,0
DA:74,0
DA:78,0
DA:79,0
DA:84,0
DA:85,0
DA:86,0
DA:92,0
DA:93,0
DA:94,0
DA:100,0
DA:101,0
DA:106,0
DA:107,0
DA:108,0
DA:114,0
DA:115,0
DA:116,0
DA:122,0
DA:123,0
DA:124,0
DA:130,0
DA:131,0
DA:132,0
DA:133,0
DA:136,0
DA:137,0
DA:144,0
DA:146,0
DA:147,0
DA:152,0
DA:153,0
DA:164,0
LF:55
LH:0
BRDA:8,0,0,0
BRDA:8,0,1,0
BRDA:47,1,0,0
BRDA:58,2,0,0
BRDA:58,2,1,0
BRDA:70,3,0,0
BRDA:70,3,1,0
BRDA:74,4,0,0
BRDA:74,4,1,0
BRDA:84,5,0,0
BRDA:84,5,1,0
BRDA:92,6,0,0
BRDA:92,6,1,0
BRDA:106,7,0,0
BRDA:106,7,1,0
BRDA:114,8,0,0
BRDA:114,8,1,0
BRDA:122,9,0,0
BRDA:122,9,1,0
BRDA:130,10,0,0
BRDA:130,10,1,0
BRDA:131,11,0,0
BRDA:131,11,1,0
BRDA:136,12,0,0
BRDA:136,12,1,0
BRF:25
BRH:0
end_of_record
TN:
SF:src\retry.ts
FN:19,withRetry
FN:22,(anonymous_1)
FN:34,(anonymous_2)
FNF:3
FNH:0
FNDA:0,withRetry
FNDA:0,(anonymous_1)
FNDA:0,(anonymous_2)
DA:1,0
DA:2,0
DA:19,0
DA:23,0
DA:24,0
DA:29,0
DA:30,0
DA:31,0
DA:32,0
DA:33,0
DA:34,0
DA:36,0
DA:39,0
DA:42,0
DA:43,0
DA:44,0
DA:48,0
DA:49,0
DA:50,0
DA:53,0
DA:58,0
LF:21
LH:0
BRDA:22,0,0,0
BRDA:24,1,0,0
BRDA:24,1,1,0
BRDA:31,2,0,0
BRDA:31,2,1,0
BRDA:42,3,0,0
BRDA:42,3,1,0
BRDA:48,4,0,0
BRDA:48,4,1,0
BRF:9
BRH:0
end_of_record
TN:
SF:src\sync.ts
FN:28,(anonymous_1)
FN:34,(anonymous_2)
FN:46,(anonymous_3)
FN:63,(anonymous_4)
FN:139,(anonymous_5)
FN:143,(anonymous_6)
FN:165,(anonymous_7)
FN:208,(anonymous_8)
FN:228,(anonymous_9)
FN:238,(anonymous_10)
FN:243,(anonymous_11)
FN:250,(anonymous_12)
FN:262,(anonymous_13)
FN:275,(anonymous_14)
FN:312,(anonymous_15)
FN:376,(anonymous_16)
FN:404,(anonymous_17)
FN:445,(anonymous_18)
FN:517,(anonymous_19)
FN:548,(anonymous_20)
FN:567,(anonymous_21)
FN:579,(anonymous_22)
FN:617,(anonymous_23)
FN:631,(anonymous_24)
FN:639,(anonymous_25)
FN:734,(anonymous_26)
FN:755,(anonymous_27)
FN:770,(anonymous_28)
FN:775,(anonymous_29)
FN:782,(anonymous_30)
FN:827,(anonymous_31)
FN:850,(anonymous_32)
FNF:32
FNH:0
FNDA:0,(anonymous_1)
FNDA:0,(anonymous_2)
FNDA:0,(anonymous_3)
FNDA:0,(anonymous_4)
FNDA:0,(anonymous_5)
FNDA:0,(anonymous_6)
FNDA:0,(anonymous_7)
FNDA:0,(anonymous_8)
FNDA:0,(anonymous_9)
FNDA:0,(anonymous_10)
FNDA:0,(anonymous_11)
FNDA:0,(anonymous_12)
FNDA:0,(anonymous_13)
FNDA:0,(anonymous_14)
FNDA:0,(anonymous_15)
FNDA:0,(anonymous_16)
FNDA:0,(anonymous_17)
FNDA:0,(anonymous_18)
FNDA:0,(anonymous_19)
FNDA:0,(anonymous_20)
FNDA:0,(anonymous_21)
FNDA:0,(anonymous_22)
FNDA:0,(anonymous_23)
FNDA:0,(anonymous_24)
FNDA:0,(anonymous_25)
FNDA:0,(anonymous_26)
FNDA:0,(anonymous_27)
FNDA:0,(anonymous_28)
FNDA:0,(anonymous_29)
FNDA:0,(anonymous_30)
FNDA:0,(anonymous_31)
FNDA:0,(anonymous_32)
DA:4,0
DA:5,0
DA:6,0
DA:7,0
DA:8,0
DA:10,0
DA:11,0
DA:12,0
DA:13,0
DA:14,0
DA:15,0
DA:16,0
DA:17,0
DA:19,0
DA:20,0
DA:21,0
DA:29,0
DA:30,0
DA:31,0
DA:35,0
DA:36,0
DA:37,0
DA:38,0
DA:39,0
DA:40,0
DA:41,0
DA:47,0
DA:51,0
DA:55,0
DA:56,0
DA:61,0
DA:63,0
DA:65,0
DA:73,0
DA:74,0
DA:75,0
DA:78,0
DA:79,0
DA:80,0
DA:82,0
DA:85,0
DA:88,0
DA:90,0
DA:91,0
DA:92,0
DA:94,0
DA:96,0
DA:99,0
DA:101,0
DA:102,0
DA:103,0
DA:105,0
DA:107,0
DA:109,0
DA:113,0
DA:114,0
DA:115,0
DA:116,0
DA:118,0
DA:121,0
DA:124,0
DA:131,0
DA:132,0
DA:134,0
DA:135,0
DA:140,0
DA:144,0
DA:145,0
DA:146,0
DA:151,0
DA:152,0
DA:158,0
DA:159,0
DA:160,0
DA:166,0
DA:168,0
DA:169,0
DA:172,0
DA:174,0
DA:175,0
DA:179,0
DA:180,0
DA:184,0
DA:188,0
DA:189,0
DA:190,0
DA:192,0
DA:193,0
DA:194,0
DA:195,0
DA:197,0
DA:199,0
DA:200,0
DA:201,0
DA:202,0
DA:207,0
DA:208,0
DA:210,0
DA:211,0
DA:212,0
DA:215,0
DA:216,0
DA:218,0
DA:221,0
DA:229,0
DA:231,0
DA:237,0
DA:239,0
DA:240,0
DA:244,0
DA:245,0
DA:251,0
DA:252,0
DA:253,0
DA:254,0
DA:255,0
DA:258,0
DA:263,0
DA:265,0
DA:267,0
DA:270,0
DA:271,0
DA:273,0
DA:274,0
DA:276,0
DA:277,0
DA:279,0
DA:280,0
DA:281,0
DA:284,0
DA:285,0
DA:288,0
DA:289,0
DA:291,0
DA:292,0
DA:293,0
DA:294,0
DA:297,0
DA:298,0
DA:299,0
DA:300,0
DA:304,0
DA:307,0
DA:308,0
DA:310,0
DA:311,0
DA:313,0
DA:314,0
DA:315,0
DA:316,0
DA:318,0
DA:320,0
DA:321,0
DA:323,0
DA:324,0
DA:326,0
DA:327,0
DA:329,0
DA:333,0
DA:335,0
DA:336,0
DA:337,0
DA:338,0
DA:340,0
DA:341,0
DA:351,0
DA:356,0
DA:357,0
DA:359,0
DA:360,0
DA:365,0
DA:372,0
DA:374,0
DA:375,0
DA:376,0
DA:379,0
DA:380,0
DA:387,0
DA:388,0
DA:393,0
DA:397,0
DA:398,0
DA:400,0
DA:405,0
DA:407,0
DA:408,0
DA:409,0
DA:410,0
DA:413,0
DA:416,0
DA:417,0
DA:418,0
DA:419,0
DA:422,0
DA:423,0
DA:428,0
DA:431,0
DA:432,0
DA:434,0
DA:435,0
DA:436,0
DA:438,0
DA:439,0
DA:440,0
DA:441,0
DA:444,0
DA:446,0
DA:447,0
DA:448,0
DA:450,0
DA:452,0
DA:456,0
DA:463,0
DA:466,0
DA:472,0
DA:476,0
DA:481,0
DA:482,0
DA:486,0
DA:490,0
DA:491,0
DA:492,0
DA:495,0
DA:499,0
DA:500,0
DA:503,0
DA:507,0
DA:508,0
DA:510,0
DA:523,0
DA:524,0
DA:527,0
DA:529,0
DA:532,0
DA:533,0
DA:535,0
DA:536,0
DA:537,0
DA:538,0
DA:541,0
DA:542,0
DA:545,0
DA:547,0
DA:549,0
DA:560,0
DA:561,0
DA:562,0
DA:566,0
DA:568,0
DA:569,0
DA:570,0
DA:573,0
DA:575,0
DA:576,0
DA:578,0
DA:579,0
DA:580,0
DA:582,0
DA:586,0
DA:588,0
DA:589,0
DA:592,0
DA:597,0
DA:598,0
DA:606,0
DA:609,0
DA:610,0
DA:619,0
DA:620,0
DA:624,0
DA:625,0
DA:636,0
DA:640,0
DA:642,0
DA:644,0
DA:645,0
DA:648,0
DA:651,0
DA:652,0
DA:653,0
DA:655,0
DA:656,0
DA:657,0
DA:659,0
DA:662,0
DA:663,0
DA:664,0
DA:665,0
DA:672,0
DA:673,0
DA:678,0
DA:679,0
DA:683,0
DA:689,0
DA:693,0
DA:694,0
DA:697,0
DA:700,0
DA:704,0
DA:705,0
DA:707,0
DA:712,0
DA:713,0
DA:716,0
DA:719,0
DA:720,0
DA:723,0
DA:727,0
DA:728,0
DA:730,0
DA:735,0
DA:737,0
DA:738,0
DA:740,0
DA:741,0
DA:742,0
DA:745,0
DA:746,0
DA:747,0
DA:748,0
DA:751,0
DA:756,0
DA:757,0
DA:758,0
DA:761,0
DA:763,0
DA:769,0
DA:771,0
DA:772,0
DA:776,0
DA:777,0
DA:784,0
DA:785,0
DA:786,0
DA:789,0
DA:792,0
DA:793,0
DA:794,0
DA:795,0
DA:796,0
DA:797,0
DA:800,0
DA:804,0
DA:805,0
DA:808,0
DA:814,0
DA:815,0
DA:816,0
DA:817,0
DA:821,0
DA:825,0
DA:826,0
DA:827,0
DA:829,0
DA:830,0
DA:831,0
DA:834,0
DA:838,0
DA:842,0
DA:843,0
DA:846,0
DA:851,0
DA:852,0
DA:853,0
DA:854,0
DA:857,0
DA:860,0
DA:861,0
DA:865,0
DA:866,0
DA:870,0
DA:871,0
DA:874,0
DA:878,0
DA:879,0
DA:880,0
DA:881,0
DA:882,0
DA:885,0
DA:886,0
DA:887,0
DA:888,0
DA:891,0
DA:892,0
DA:893,0
DA:895,0
DA:896,0
DA:900,0
DA:903,0
DA:904,0
DA:907,0
DA:911,0
DA:912,0
DA:913,0
DA:916,0
DA:920,0
LF:396
LH:0
BRDA:68,0,0,0
BRDA:68,0,1,0
BRDA:73,1,0,0
BRDA:73,1,1,0
BRDA:75,2,0,0
BRDA:75,2,1,0
BRDA:75,2,2,0
BRDA:75,2,3,0
BRDA:78,3,0,0
BRDA:78,3,1,0
BRDA:80,4,0,0
BRDA:80,4,1,0
BRDA:88,5,0,0
BRDA:88,5,1,0
BRDA:88,6,0,0
BRDA:88,6,1,0
BRDA:99,7,0,0
BRDA:99,7,1,0
BRDA:118,8,0,0
BRDA:118,8,1,0
BRDA:121,9,0,0
BRDA:121,9,1,0
BRDA:125,10,0,0
BRDA:125,10,1,0
BRDA:131,11,0,0
BRDA:131,11,1,0
BRDA:134,12,0,0
BRDA:134,12,1,0
BRDA:144,13,0,0
BRDA:144,13,1,0
BRDA:144,14,0,0
BRDA:144,14,1,0
BRDA:145,15,0,0
BRDA:145,15,1,0
BRDA:151,16,0,0
BRDA:151,16,1,0
BRDA:158,17,0,0
BRDA:158,17,1,0
BRDA:174,18,0,0
BRDA:174,18,1,0
BRDA:174,19,0,0
BRDA:174,19,1,0
BRDA:188,20,0,0
BRDA:188,20,1,0
BRDA:190,21,0,0
BRDA:190,21,1,0
BRDA:190,22,0,0
BRDA:190,22,1,0
BRDA:190,22,2,0
BRDA:197,23,0,0
BRDA:197,23,1,0
BRDA:197,24,0,0
BRDA:197,24,1,0
BRDA:210,25,0,0
BRDA:210,25,1,0
BRDA:232,26,0,0
BRDA:232,26,1,0
BRDA:233,27,0,0
BRDA:233,27,1,0
BRDA:234,28,0,0
BRDA:234,28,1,0
BRDA:245,29,0,0
BRDA:245,29,1,0
BRDA:280,30,0,0
BRDA:280,30,1,0
BRDA:281,31,0,0
BRDA:281,31,1,0
BRDA:313,32,0,0
BRDA:313,32,1,0
BRDA:314,33,0,0
BRDA:314,33,1,0
BRDA:320,34,0,0
BRDA:320,34,1,0
BRDA:320,35,0,0
BRDA:320,35,1,0
BRDA:321,36,0,0
BRDA:321,36,1,0
BRDA:323,37,0,0
BRDA:323,37,1,0
BRDA:323,38,0,0
BRDA:323,38,1,0
BRDA:324,39,0,0
BRDA:324,39,1,0
BRDA:326,40,0,0
BRDA:326,40,1,0
BRDA:326,41,0,0
BRDA:326,41,1,0
BRDA:327,42,0,0
BRDA:327,42,1,0
BRDA:330,43,0,0
BRDA:330,43,1,0
BRDA:330,44,0,0
BRDA:330,44,1,0
BRDA:333,45,0,0
BRDA:333,45,1,0
BRDA:333,46,0,0
BRDA:333,46,1,0
BRDA:340,47,0,0
BRDA:340,47,1,0
BRDA:374,48,0,0
BRDA:374,48,1,0
BRDA:379,49,0,0
BRDA:379,49,1,0
BRDA:387,50,0,0
BRDA:387,50,1,0
BRDA:397,51,0,0
BRDA:397,51,1,0
BRDA:417,52,0,0
BRDA:417,52,1,0
BRDA:422,53,0,0
BRDA:422,53,1,0
BRDA:439,54,0,0
BRDA:439,54,1,0
BRDA:450,55,0,0
BRDA:450,55,1,0
BRDA:490,56,0,0
BRDA:490,56,1,0
BRDA:495,57,0,0
BRDA:495,57,1,0
BRDA:499,58,0,0
BRDA:499,58,1,0
BRDA:507,59,0,0
BRDA:507,59,1,0
BRDA:541,60,0,0
BRDA:541,60,1,0
BRDA:545,61,0,0
BRDA:545,61,1,0
BRDA:560,62,0,0
BRDA:560,62,1,0
BRDA:573,63,0,0
BRDA:573,63,1,0
BRDA:573,64,0,0
BRDA:573,64,1,0
BRDA:575,65,0,0
BRDA:575,65,1,0
BRDA:588,66,0,0
BRDA:588,66,1,0
BRDA:619,67,0,0
BRDA:619,67,1,0
BRDA:619,68,0,0
BRDA:619,68,1,0
BRDA:656,69,0,0
BRDA:656,69,1,0
BRDA:662,70,0,0
BRDA:662,70,1,0
BRDA:672,71,0,0
BRDA:672,71,1,0
BRDA:704,72,0,0
BRDA:704,72,1,0
BRDA:704,73,0,0
BRDA:704,73,1,0
BRDA:719,74,0,0
BRDA:719,74,1,0
BRDA:727,75,0,0
BRDA:727,75,1,0
BRDA:727,76,0,0
BRDA:727,76,1,0
BRDA:740,77,0,0
BRDA:740,77,1,0
BRDA:756,78,0,0
BRDA:756,78,1,0
BRDA:764,79,0,0
BRDA:764,79,1,0
BRDA:765,80,0,0
BRDA:765,80,1,0
BRDA:766,81,0,0
BRDA:766,81,1,0
BRDA:777,82,0,0
BRDA:777,82,1,0
BRDA:784,83,0,0
BRDA:784,83,1,0
BRDA:792,84,0,0
BRDA:792,84,1,0
BRDA:804,85,0,0
BRDA:804,85,1,0
BRDA:815,86,0,0
BRDA:815,86,1,0
BRDA:829,87,0,0
BRDA:829,87,1,0
BRDA:838,88,0,0
BRDA:838,88,1,0
BRDA:860,89,0,0
BRDA:860,89,1,0
BRDA:865,90,0,0
BRDA:865,90,1,0
BRDA:885,91,0,0
BRDA:885,91,1,0
BRDA:891,92,0,0
BRDA:891,92,1,0
BRDA:895,93,0,0
BRDA:895,93,1,0
BRDA:912,94,0,0
BRDA:912,94,1,0
BRF:193
BRH:0
end_of_record
