TN:
SF:src\branch-strategy.example.ts
FNF:0
FNH:0
DA:1,0
DA:6,0
DA:37,0
DA:48,0
DA:59,0
DA:70,0
LF:6
LH:0
BRF:0
BRH:0
end_of_record
TN:
SF:src\cache.ts
FN:62,getCacheConfig
FN:77,saveCacheMetadata
FN:94,loadCacheMetadata
FN:119,initializeCache
FN:160,startPeriodicCleanup
FN:161,(anonymous_15)
FN:177,warmupCache
FN:201,(anonymous_17)
FN:237,generateCacheKey
FN:249,(anonymous_19)
FN:288,updateLruMap
FN:316,(anonymous_21)
FN:325,checkCacheSizeLimit
FN:336,(anonymous_23)
FN:370,formatBytes
FN:385,isCacheValid
FN:440,getFromCache
FN:460,(anonymous_27)
FN:462,(anonymous_28)
FN:463,(anonymous_29)
FN:494,updateCacheStats
FN:510,writeToCache
FN:530,(anonymous_32)
FN:531,(anonymous_33)
FN:532,(anonymous_34)
FN:548,(anonymous_35)
FN:593,cleanupExpiredCache
FN:654,cachedFetch
FNF:28
FNH:0
FNDA:0,getCacheConfig
FNDA:0,saveCacheMetadata
FNDA:0,loadCacheMetadata
FNDA:0,initializeCache
FNDA:0,startPeriodicCleanup
FNDA:0,(anonymous_15)
FNDA:0,warmupCache
FNDA:0,(anonymous_17)
FNDA:0,generateCacheKey
FNDA:0,(anonymous_19)
FNDA:0,updateLruMap
FNDA:0,(anonymous_21)
FNDA:0,checkCacheSizeLimit
FNDA:0,(anonymous_23)
FNDA:0,formatBytes
FNDA:0,isCacheValid
FNDA:0,getFromCache
FNDA:0,(anonymous_27)
FNDA:0,(anonymous_28)
FNDA:0,(anonymous_29)
FNDA:0,updateCacheStats
FNDA:0,writeToCache
FNDA:0,(anonymous_32)
FNDA:0,(anonymous_33)
FNDA:0,(anonymous_34)
FNDA:0,(anonymous_35)
FNDA:0,cleanupExpiredCache
FNDA:0,cachedFetch
DA:2,0
DA:3,0
DA:4,0
DA:5,0
DA:6,0
DA:7,0
DA:10,0
DA:12,0
DA:14,0
DA:16,0
DA:18,0
DA:20,0
DA:23,0
DA:47,0
DA:50,0
DA:57,0
DA:63,0
DA:64,0
DA:65,0
DA:67,0
DA:68,0
DA:78,0
DA:79,0
DA:84,0
DA:87,0
DA:95,0
DA:96,0
DA:97,0
DA:98,0
DA:99,0
DA:100,0
DA:101,0
DA:105,0
DA:107,0
DA:112,0
DA:119,0
DA:120,0
DA:121,0
DA:122,0
DA:125,0
DA:127,0
DA:128,0
DA:130,0
DA:131,0
DA:132,0
DA:134,0
DA:136,0
DA:139,0
DA:142,0
DA:145,0
DA:146,0
DA:147,0
DA:148,0
DA:152,0
DA:153,0
DA:161,0
DA:162,0
DA:163,0
DA:164,0
DA:165,0
DA:168,0
DA:171,0
DA:178,0
DA:179,0
DA:180,0
DA:181,0
DA:183,0
DA:184,0
DA:185,0
DA:186,0
DA:189,0
DA:190,0
DA:191,0
DA:194,0
DA:195,0
DA:196,0
DA:197,0
DA:200,0
DA:201,0
DA:202,0
DA:205,0
DA:208,0
DA:209,0
DA:210,0
DA:213,0
DA:214,0
DA:218,0
DA:221,0
DA:222,0
DA:225,0
DA:226,0
DA:237,0
DA:249,0
DA:250,0
DA:251,0
DA:255,0
DA:258,0
DA:259,0
DA:263,0
DA:264,0
DA:265,0
DA:266,0
DA:270,0
DA:271,0
DA:274,0
DA:275,0
DA:278,0
DA:281,0
DA:289,0
DA:290,0
DA:291,0
DA:294,0
DA:296,0
DA:299,0
DA:301,0
DA:302,0
DA:304,0
DA:305,0
DA:306,0
DA:307,0
DA:312,0
DA:313,0
DA:315,0
DA:316,0
DA:317,0
DA:326,0
DA:327,0
DA:328,0
DA:329,0
DA:332,0
DA:333,0
DA:336,0
DA:337,0
DA:339,0
DA:340,0
DA:341,0
DA:343,0
DA:344,0
DA:345,0
DA:346,0
DA:347,0
DA:348,0
DA:349,0
DA:350,0
DA:354,0
DA:358,0
DA:361,0
DA:371,0
DA:372,0
DA:373,0
DA:374,0
DA:375,0
DA:376,0
DA:385,0
DA:389,0
DA:390,0
DA:392,0
DA:393,0
DA:394,0
DA:397,0
DA:398,0
DA:401,0
DA:402,0
DA:405,0
DA:406,0
DA:407,0
DA:408,0
DA:409,0
DA:414,0
DA:415,0
DA:416,0
DA:417,0
DA:418,0
DA:419,0
DA:420,0
DA:424,0
DA:426,0
DA:429,0
DA:430,0
DA:440,0
DA:444,0
DA:445,0
DA:446,0
DA:447,0
DA:448,0
DA:451,0
DA:453,0
DA:454,0
DA:457,0
DA:458,0
DA:460,0
DA:462,0
DA:463,0
DA:464,0
DA:465,0
DA:466,0
DA:469,0
DA:470,0
DA:473,0
DA:475,0
DA:479,0
DA:480,0
DA:481,0
DA:482,0
DA:485,0
DA:486,0
DA:495,0
DA:497,0
DA:498,0
DA:499,0
DA:510,0
DA:516,0
DA:517,0
DA:518,0
DA:519,0
DA:520,0
DA:523,0
DA:524,0
DA:527,0
DA:528,0
DA:530,0
DA:531,0
DA:532,0
DA:533,0
DA:534,0
DA:535,0
DA:538,0
DA:539,0
DA:542,0
DA:543,0
DA:547,0
DA:550,0
DA:552,0
DA:553,0
DA:555,0
DA:556,0
DA:560,0
DA:562,0
DA:563,0
DA:564,0
DA:565,0
DA:568,0
DA:571,0
DA:572,0
DA:574,0
DA:575,0
DA:577,0
DA:579,0
DA:585,0
DA:593,0
DA:594,0
DA:595,0
DA:596,0
DA:597,0
DA:600,0
DA:601,0
DA:602,0
DA:603,0
DA:604,0
DA:606,0
DA:608,0
DA:609,0
DA:612,0
DA:613,0
DA:614,0
DA:615,0
DA:617,0
DA:618,0
DA:619,0
DA:620,0
DA:622,0
DA:623,0
DA:624,0
DA:626,0
DA:631,0
DA:632,0
DA:634,0
DA:637,0
DA:641,0
DA:654,0
DA:661,0
DA:663,0
DA:666,0
DA:669,0
DA:670,0
DA:671,0
DA:675,0
DA:676,0
DA:679,0
DA:681,0
DA:684,0
DA:685,0
LF:292
LH:0
BRDA:63,0,0,0
BRDA:63,0,1,0
BRDA:67,1,0,0
BRDA:67,1,1,0
BRDA:87,2,0,0
BRDA:87,2,1,0
BRDA:96,3,0,0
BRDA:96,3,1,0
BRDA:99,4,0,0
BRDA:99,4,1,0
BRDA:100,5,0,0
BRDA:100,5,1,0
BRDA:105,6,0,0
BRDA:105,6,1,0
BRDA:120,7,0,0
BRDA:120,7,1,0
BRDA:146,8,0,0
BRDA:146,8,1,0
BRDA:152,9,0,0
BRDA:152,9,1,0
BRDA:168,10,0,0
BRDA:168,10,1,0
BRDA:183,11,0,0
BRDA:183,11,1,0
BRDA:213,12,0,0
BRDA:213,12,1,0
BRDA:225,13,0,0
BRDA:225,13,1,0
BRDA:239,14,0,0
BRDA:240,15,0,0
BRDA:258,16,0,0
BRDA:258,16,1,0
BRDA:263,17,0,0
BRDA:263,17,1,0
BRDA:264,18,0,0
BRDA:264,18,1,0
BRDA:270,19,0,0
BRDA:270,19,1,0
BRDA:275,20,0,0
BRDA:275,20,1,0
BRDA:278,21,0,0
BRDA:278,21,1,0
BRDA:281,22,0,0
BRDA:281,22,1,0
BRDA:290,23,0,0
BRDA:290,23,1,0
BRDA:299,24,0,0
BRDA:299,24,1,0
BRDA:305,25,0,0
BRDA:305,25,1,0
BRDA:312,26,0,0
BRDA:312,26,1,0
BRDA:316,27,0,0
BRDA:316,27,1,0
BRDA:328,28,0,0
BRDA:328,28,1,0
BRDA:332,29,0,0
BRDA:332,29,1,0
BRDA:340,30,0,0
BRDA:340,30,1,0
BRDA:344,31,0,0
BRDA:344,31,1,0
BRDA:361,32,0,0
BRDA:361,32,1,0
BRDA:371,33,0,0
BRDA:371,33,1,0
BRDA:387,34,0,0
BRDA:393,35,0,0
BRDA:393,35,1,0
BRDA:405,36,0,0
BRDA:405,36,1,0
BRDA:405,37,0,0
BRDA:405,37,1,0
BRDA:407,38,0,0
BRDA:407,38,1,0
BRDA:414,39,0,0
BRDA:414,39,1,0
BRDA:429,40,0,0
BRDA:429,40,1,0
BRDA:442,41,0,0
BRDA:445,42,0,0
BRDA:445,42,1,0
BRDA:457,43,0,0
BRDA:457,43,1,0
BRDA:457,44,0,0
BRDA:457,44,1,0
BRDA:464,45,0,0
BRDA:464,45,1,0
BRDA:473,46,0,0
BRDA:473,46,1,0
BRDA:480,47,0,0
BRDA:480,47,1,0
BRDA:485,48,0,0
BRDA:485,48,1,0
BRDA:497,49,0,0
BRDA:497,49,1,0
BRDA:497,50,0,0
BRDA:497,50,1,0
BRDA:497,50,2,0
BRDA:514,51,0,0
BRDA:519,52,0,0
BRDA:519,52,1,0
BRDA:520,53,0,0
BRDA:520,53,1,0
BRDA:520,53,2,0
BRDA:527,54,0,0
BRDA:527,54,1,0
BRDA:527,55,0,0
BRDA:527,55,1,0
BRDA:533,56,0,0
BRDA:533,56,1,0
BRDA:542,57,0,0
BRDA:542,57,1,0
BRDA:552,58,0,0
BRDA:552,58,1,0
BRDA:555,59,0,0
BRDA:555,59,1,0
BRDA:562,60,0,0
BRDA:562,60,1,0
BRDA:568,61,0,0
BRDA:568,61,1,0
BRDA:575,62,0,0
BRDA:575,62,1,0
BRDA:581,63,0,0
BRDA:581,63,1,0
BRDA:585,64,0,0
BRDA:585,64,1,0
BRDA:595,65,0,0
BRDA:595,65,1,0
BRDA:608,66,0,0
BRDA:608,66,1,0
BRDA:612,67,0,0
BRDA:612,67,1,0
BRDA:617,68,0,0
BRDA:617,68,1,0
BRDA:622,69,0,0
BRDA:622,69,1,0
BRDA:631,70,0,0
BRDA:631,70,1,0
BRDA:641,71,0,0
BRDA:641,71,1,0
BRDA:657,72,0,0
BRDA:658,73,0,0
BRDA:670,74,0,0
BRDA:670,74,1,0
BRDA:684,75,0,0
BRDA:684,75,1,0
BRF:147
BRH:0
end_of_record
TN:
SF:src\cli.ts
FN:22,(anonymous_1)
FN:46,isGitRepository
FN:170,(anonymous_3)
FN:180,run
FN:203,(anonymous_5)
FN:232,(anonymous_6)
FN:321,(anonymous_7)
FNF:7
FNH:0
FNDA:0,(anonymous_1)
FNDA:0,isGitRepository
FNDA:0,(anonymous_3)
FNDA:0,run
FNDA:0,(anonymous_5)
FNDA:0,(anonymous_6)
FNDA:0,(anonymous_7)
DA:2,0
DA:3,0
DA:4,0
DA:5,0
DA:6,0
DA:7,0
DA:8,0
DA:9,0
DA:13,0
DA:15,0
DA:16,0
DA:17,0
DA:18,0
DA:20,0
DA:22,0
DA:23,0
DA:24,0
DA:25,0
DA:28,0
DA:32,0
DA:35,0
DA:36,0
DA:37,0
DA:47,0
DA:48,0
DA:49,0
DA:50,0
DA:53,0
DA:58,0
DA:122,0
DA:123,0
DA:124,0
DA:128,0
DA:129,0
DA:130,0
DA:131,0
DA:132,0
DA:133,0
DA:134,0
DA:135,0
DA:136,0
DA:137,0
DA:138,0
DA:139,0
DA:140,0
DA:141,0
DA:142,0
DA:143,0
DA:144,0
DA:145,0
DA:146,0
DA:147,0
DA:148,0
DA:149,0
DA:150,0
DA:151,0
DA:152,0
DA:153,0
DA:154,0
DA:155,0
DA:156,0
DA:157,0
DA:158,0
DA:159,0
DA:160,0
DA:161,0
DA:162,0
DA:163,0
DA:164,0
DA:165,0
DA:169,0
DA:170,0
DA:171,0
DA:172,0
DA:173,0
DA:174,0
DA:175,0
DA:181,0
DA:182,0
DA:183,0
DA:184,0
DA:188,0
DA:189,0
DA:191,0
DA:192,0
DA:195,0
DA:199,0
DA:203,0
DA:232,0
DA:245,0
DA:248,0
DA:249,0
DA:252,0
DA:253,0
DA:254,0
DA:255,0
DA:256,0
DA:259,0
DA:260,0
DA:262,0
DA:263,0
DA:265,0
DA:266,0
DA:268,0
DA:269,0
DA:273,0
DA:277,0
DA:278,0
DA:279,0
DA:282,0
DA:283,0
DA:288,0
DA:293,0
DA:300,0
DA:301,0
DA:303,0
DA:305,0
DA:309,0
DA:314,0
DA:317,0
DA:318,0
DA:321,0
DA:322,0
DA:323,0
DA:324,0
DA:325,0
DA:329,0
DA:331,0
DA:332,0
DA:333,0
DA:334,0
DA:335,0
DA:336,0
DA:339,0
DA:340,0
DA:345,0
LF:136
LH:0
BRDA:36,0,0,0
BRDA:36,0,1,0
BRDA:122,1,0,0
BRDA:122,1,1,0
BRDA:128,2,0,0
BRDA:128,2,1,0
BRDA:169,3,0,0
BRDA:169,3,1,0
BRDA:171,4,0,0
BRDA:171,4,1,0
BRDA:182,5,0,0
BRDA:182,5,1,0
BRDA:188,6,0,0
BRDA:188,6,1,0
BRDA:191,7,0,0
BRDA:191,7,1,0
BRDA:203,8,0,0
BRDA:203,8,1,0
BRDA:212,9,0,0
BRDA:212,9,1,0
BRDA:219,10,0,0
BRDA:219,10,1,0
BRDA:225,11,0,0
BRDA:225,11,1,0
BRDA:248,12,0,0
BRDA:248,12,1,0
BRDA:252,13,0,0
BRDA:252,13,1,0
BRDA:259,14,0,0
BRDA:259,14,1,0
BRDA:262,15,0,0
BRDA:262,15,1,0
BRDA:265,16,0,0
BRDA:265,16,1,0
BRDA:265,17,0,0
BRDA:265,17,1,0
BRDA:268,18,0,0
BRDA:268,18,1,0
BRDA:300,19,0,0
BRDA:300,19,1,0
BRDA:300,20,0,0
BRDA:300,20,1,0
BRDA:303,21,0,0
BRDA:303,21,1,0
BRDA:303,22,0,0
BRDA:303,22,1,0
BRDA:314,23,0,0
BRDA:314,23,1,0
BRDA:317,24,0,0
BRDA:317,24,1,0
BRDA:317,24,2,0
BRDA:318,25,0,0
BRDA:318,25,1,0
BRDA:322,26,0,0
BRDA:322,26,1,0
BRF:55
BRH:0
end_of_record
TN:
SF:src\config.example.ts
FNF:0
FNH:0
DA:1,0
DA:4,0
LF:2
LH:0
BRF:0
BRH:0
end_of_record
TN:
SF:src\config.ts
FN:75,generateDefaultConfig
FN:133,validateConfig
FN:240,loadConfig
FN:294,saveConfig
FNF:4
FNH:0
FNDA:0,generateDefaultConfig
FNDA:0,validateConfig
FNDA:0,loadConfig
FNDA:0,saveConfig
DA:2,0
DA:3,0
DA:4,0
DA:5,0
DA:6,0
DA:7,0
DA:8,0
DA:10,0
DA:75,0
DA:79,0
DA:80,0
DA:81,0
DA:83,0
DA:85,0
DA:86,0
DA:88,0
DA:89,0
DA:91,0
DA:92,0
DA:95,0
DA:99,0
DA:100,0
DA:101,0
DA:104,0
DA:105,0
DA:108,0
DA:115,0
DA:133,0
DA:135,0
DA:136,0
DA:137,0
DA:138,0
DA:142,0
DA:147,0
DA:148,0
DA:149,0
DA:152,0
DA:154,0
DA:155,0
DA:158,0
DA:160,0
DA:161,0
DA:164,0
DA:169,0
DA:170,0
DA:173,0
DA:177,0
DA:178,0
DA:181,0
DA:182,0
DA:183,0
DA:187,0
DA:191,0
DA:192,0
DA:195,0
DA:199,0
DA:200,0
DA:203,0
DA:208,0
DA:209,0
DA:212,0
DA:213,0
DA:216,0
DA:220,0
DA:221,0
DA:224,0
DA:228,0
DA:229,0
DA:232,0
DA:240,0
DA:242,0
DA:243,0
DA:244,0
DA:245,0
DA:246,0
DA:247,0
DA:248,0
DA:251,0
DA:252,0
DA:253,0
DA:255,0
DA:256,0
DA:257,0
DA:259,0
DA:260,0
DA:261,0
DA:263,0
DA:264,0
DA:265,0
DA:269,0
DA:270,0
DA:274,0
DA:275,0
DA:276,0
DA:279,0
DA:284,0
DA:286,0
DA:294,0
DA:298,0
DA:300,0
DA:301,0
DA:302,0
DA:304,0
DA:305,0
DA:306,0
DA:309,0
DA:310,0
DA:311,0
DA:314,0
DA:315,0
DA:316,0
DA:319,0
LF:112
LH:0
BRDA:77,0,0,0
BRDA:83,1,0,0
BRDA:83,1,1,0
BRDA:83,1,2,0
BRDA:83,1,3,0
BRDA:83,1,4,0
BRDA:100,2,0,0
BRDA:100,2,1,0
BRDA:135,3,0,0
BRDA:135,3,1,0
BRDA:137,4,0,0
BRDA:137,4,1,0
BRDA:147,5,0,0
BRDA:147,5,1,0
BRDA:148,6,0,0
BRDA:148,6,1,0
BRDA:148,7,0,0
BRDA:148,7,1,0
BRDA:154,8,0,0
BRDA:154,8,1,0
BRDA:154,9,0,0
BRDA:154,9,1,0
BRDA:160,10,0,0
BRDA:160,10,1,0
BRDA:160,11,0,0
BRDA:160,11,1,0
BRDA:169,12,0,0
BRDA:169,12,1,0
BRDA:169,13,0,0
BRDA:169,13,1,0
BRDA:177,14,0,0
BRDA:177,14,1,0
BRDA:182,15,0,0
BRDA:182,15,1,0
BRDA:191,16,0,0
BRDA:191,16,1,0
BRDA:191,17,0,0
BRDA:191,17,1,0
BRDA:199,18,0,0
BRDA:199,18,1,0
BRDA:199,19,0,0
BRDA:199,19,1,0
BRDA:208,20,0,0
BRDA:208,20,1,0
BRDA:212,21,0,0
BRDA:212,21,1,0
BRDA:212,22,0,0
BRDA:212,22,1,0
BRDA:220,23,0,0
BRDA:220,23,1,0
BRDA:220,24,0,0
BRDA:220,24,1,0
BRDA:228,25,0,0
BRDA:228,25,1,0
BRDA:228,26,0,0
BRDA:228,26,1,0
BRDA:244,27,0,0
BRDA:244,27,1,0
BRDA:251,28,0,0
BRDA:251,28,1,0
BRDA:255,29,0,0
BRDA:255,29,1,0
BRDA:259,30,0,0
BRDA:259,30,1,0
BRDA:259,31,0,0
BRDA:259,31,1,0
BRDA:263,32,0,0
BRDA:263,32,1,0
BRDA:294,33,0,0
BRDA:298,34,0,0
BRDA:298,34,1,0
BRDA:298,34,2,0
BRDA:298,34,3,0
BRF:73
BRH:0
end_of_record
TN:
SF:src\lfs.ts
FN:16,getFileSha256
FN:20,(anonymous_2)
FN:21,(anonymous_3)
FN:25,(anonymous_4)
FN:29,(anonymous_5)
FN:41,readFileInChunks
FN:87,writeFileInChunks
FN:97,(anonymous_8)
FN:104,(anonymous_9)
FN:130,isLargeFile
FNF:10
FNH:0
FNDA:0,getFileSha256
FNDA:0,(anonymous_2)
FNDA:0,(anonymous_3)
FNDA:0,(anonymous_4)
FNDA:0,(anonymous_5)
FNDA:0,readFileInChunks
FNDA:0,writeFileInChunks
FNDA:0,(anonymous_8)
FNDA:0,(anonymous_9)
FNDA:0,isLargeFile
DA:2,0
DA:3,0
DA:4,0
DA:5,0
DA:6,0
DA:9,0
DA:16,0
DA:17,0
DA:18,0
DA:20,0
DA:21,0
DA:22,0
DA:25,0
DA:26,0
DA:29,0
DA:30,0
DA:41,0
DA:45,0
DA:46,0
DA:47,0
DA:48,0
DA:51,0
DA:52,0
DA:53,0
DA:55,0
DA:56,0
DA:57,0
DA:58,0
DA:60,0
DA:61,0
DA:62,0
DA:63,0
DA:64,0
DA:65,0
DA:68,0
DA:72,0
DA:73,0
DA:76,0
DA:77,0
DA:87,0
DA:92,0
DA:94,0
DA:97,0
DA:99,0
DA:100,0
DA:101,0
DA:102,0
DA:103,0
DA:105,0
DA:106,0
DA:113,0
DA:116,0
DA:119,0
DA:120,0
DA:130,0
DA:131,0
DA:132,0
DA:133,0
DA:136,0
DA:137,0
LF:60
LH:0
BRDA:47,0,0,0
BRDA:47,0,1,0
BRDA:76,1,0,0
BRDA:76,1,1,0
BRDA:108,2,0,0
BRDA:108,2,1,0
BRDA:119,3,0,0
BRDA:119,3,1,0
BRDA:130,4,0,0
BRDA:133,5,0,0
BRDA:133,5,1,0
BRDA:136,6,0,0
BRDA:136,6,1,0
BRF:13
BRH:0
end_of_record
TN:
SF:src\logger.ts
FN:8,(anonymous_1)
FN:57,(anonymous_2)
FN:74,(anonymous_3)
FN:79,(anonymous_4)
FN:96,(anonymous_5)
FN:106,(anonymous_6)
FN:111,(anonymous_7)
FN:120,(anonymous_8)
FN:128,(anonymous_9)
FN:137,(anonymous_10)
FN:147,(anonymous_11)
FN:153,(anonymous_12)
FN:162,(anonymous_13)
FN:171,(anonymous_14)
FN:180,(anonymous_15)
FN:191,(anonymous_16)
FN:199,(anonymous_17)
FNF:17
FNH:0
FNDA:0,(anonymous_1)
FNDA:0,(anonymous_2)
FNDA:0,(anonymous_3)
FNDA:0,(anonymous_4)
FNDA:0,(anonymous_5)
FNDA:0,(anonymous_6)
FNDA:0,(anonymous_7)
FNDA:0,(anonymous_8)
FNDA:0,(anonymous_9)
FNDA:0,(anonymous_10)
FNDA:0,(anonymous_11)
FNDA:0,(anonymous_12)
FNDA:0,(anonymous_13)
FNDA:0,(anonymous_14)
FNDA:0,(anonymous_15)
FNDA:0,(anonymous_16)
FNDA:0,(anonymous_17)
DA:2,0
DA:3,0
DA:4,0
DA:5,0
DA:6,0
DA:8,0
DA:9,0
DA:10,0
DA:11,0
DA:12,0
DA:13,0
DA:14,0
DA:15,0
DA:16,0
DA:32,0
DA:43,0
DA:46,0
DA:58,0
DA:59,0
DA:68,0
DA:69,0
DA:75,0
DA:80,0
DA:81,0
DA:83,0
DA:85,0
DA:87,0
DA:93,0
DA:95,0
DA:96,0
DA:100,0
DA:101,0
DA:105,0
DA:106,0
DA:112,0
DA:113,0
DA:114,0
DA:115,0
DA:121,0
DA:122,0
DA:123,0
DA:129,0
DA:130,0
DA:131,0
DA:132,0
DA:138,0
DA:139,0
DA:140,0
DA:141,0
DA:142,0
DA:148,0
DA:149,0
DA:154,0
DA:155,0
DA:156,0
DA:157,0
DA:163,0
DA:164,0
DA:165,0
DA:166,0
DA:172,0
DA:173,0
DA:174,0
DA:175,0
DA:181,0
DA:182,0
DA:183,0
DA:184,0
DA:185,0
DA:186,0
DA:192,0
DA:194,0
DA:195,0
DA:200,0
DA:201,0
DA:210,0
DA:211,0
DA:217,0
LF:78
LH:0
BRDA:8,0,0,0
BRDA:8,0,1,0
BRDA:57,1,0,0
BRDA:68,2,0,0
BRDA:68,2,1,0
BRDA:80,3,0,0
BRDA:80,3,1,0
BRDA:85,4,0,0
BRDA:85,4,1,0
BRDA:91,5,0,0
BRDA:91,5,1,0
BRDA:100,6,0,0
BRDA:100,6,1,0
BRDA:101,7,0,0
BRDA:101,7,1,0
BRDA:112,8,0,0
BRDA:112,8,1,0
BRDA:113,9,0,0
BRDA:113,9,1,0
BRDA:121,10,0,0
BRDA:121,10,1,0
BRDA:129,11,0,0
BRDA:129,11,1,0
BRDA:129,12,0,0
BRDA:129,12,1,0
BRDA:130,13,0,0
BRDA:130,13,1,0
BRDA:138,14,0,0
BRDA:138,14,1,0
BRDA:138,15,0,0
BRDA:138,15,1,0
BRDA:140,16,0,0
BRDA:140,16,1,0
BRDA:154,17,0,0
BRDA:154,17,1,0
BRDA:155,18,0,0
BRDA:155,18,1,0
BRDA:163,19,0,0
BRDA:163,19,1,0
BRDA:164,20,0,0
BRDA:164,20,1,0
BRDA:172,21,0,0
BRDA:172,21,1,0
BRDA:173,22,0,0
BRDA:173,22,1,0
BRDA:181,23,0,0
BRDA:181,23,1,0
BRDA:182,24,0,0
BRDA:182,24,1,0
BRDA:183,25,0,0
BRDA:183,25,1,0
BRDA:183,26,0,0
BRDA:183,26,1,0
BRDA:184,27,0,0
BRDA:184,27,1,0
BRDA:210,28,0,0
BRDA:210,28,1,0
BRF:57
BRH:0
end_of_record
TN:
SF:src\retry.ts
FN:19,withRetry
FN:22,(anonymous_1)
FN:34,(anonymous_2)
FNF:3
FNH:0
FNDA:0,withRetry
FNDA:0,(anonymous_1)
FNDA:0,(anonymous_2)
DA:1,0
DA:2,0
DA:19,0
DA:23,0
DA:24,0
DA:29,0
DA:30,0
DA:31,0
DA:32,0
DA:33,0
DA:34,0
DA:36,0
DA:39,0
DA:42,0
DA:43,0
DA:44,0
DA:48,0
DA:49,0
DA:50,0
DA:53,0
DA:58,0
LF:21
LH:0
BRDA:22,0,0,0
BRDA:24,1,0,0
BRDA:24,1,1,0
BRDA:31,2,0,0
BRDA:31,2,1,0
BRDA:42,3,0,0
BRDA:42,3,1,0
BRDA:48,4,0,0
BRDA:48,4,1,0
BRF:9
BRH:0
end_of_record
TN:
SF:src\sync.ts
FN:27,(anonymous_1)
FN:38,(anonymous_2)
FN:44,(anonymous_3)
FN:56,(anonymous_4)
FN:79,(anonymous_5)
FN:166,(anonymous_6)
FN:172,(anonymous_7)
FN:194,(anonymous_8)
FN:253,(anonymous_9)
FN:274,(anonymous_10)
FN:284,(anonymous_11)
FN:290,(anonymous_12)
FN:297,(anonymous_13)
FN:310,(anonymous_14)
FN:325,(anonymous_15)
FN:362,(anonymous_16)
FN:426,(anonymous_17)
FN:455,(anonymous_18)
FN:496,(anonymous_19)
FN:569,(anonymous_20)
FN:584,(anonymous_21)
FN:623,(anonymous_22)
FN:662,(anonymous_23)
FN:690,(anonymous_24)
FN:699,(anonymous_25)
FN:702,(anonymous_26)
FN:708,(anonymous_27)
FN:746,(anonymous_28)
FN:760,(anonymous_29)
FN:768,(anonymous_30)
FN:828,(anonymous_31)
FN:832,(anonymous_32)
FN:888,(anonymous_33)
FN:910,(anonymous_34)
FN:925,(anonymous_35)
FN:931,(anonymous_36)
FN:938,(anonymous_37)
FN:985,(anonymous_38)
FN:986,(anonymous_39)
FN:1003,(anonymous_40)
FN:1031,(anonymous_41)
FN:1040,(anonymous_42)
FN:1049,(anonymous_43)
FN:1085,(anonymous_44)
FN:1118,(anonymous_45)
FN:1155,(anonymous_46)
FN:1167,(anonymous_47)
FN:1237,(anonymous_48)
FNF:48
FNH:0
FNDA:0,(anonymous_1)
FNDA:0,(anonymous_2)
FNDA:0,(anonymous_3)
FNDA:0,(anonymous_4)
FNDA:0,(anonymous_5)
FNDA:0,(anonymous_6)
FNDA:0,(anonymous_7)
FNDA:0,(anonymous_8)
FNDA:0,(anonymous_9)
FNDA:0,(anonymous_10)
FNDA:0,(anonymous_11)
FNDA:0,(anonymous_12)
FNDA:0,(anonymous_13)
FNDA:0,(anonymous_14)
FNDA:0,(anonymous_15)
FNDA:0,(anonymous_16)
FNDA:0,(anonymous_17)
FNDA:0,(anonymous_18)
FNDA:0,(anonymous_19)
FNDA:0,(anonymous_20)
FNDA:0,(anonymous_21)
FNDA:0,(anonymous_22)
FNDA:0,(anonymous_23)
FNDA:0,(anonymous_24)
FNDA:0,(anonymous_25)
FNDA:0,(anonymous_26)
FNDA:0,(anonymous_27)
FNDA:0,(anonymous_28)
FNDA:0,(anonymous_29)
FNDA:0,(anonymous_30)
FNDA:0,(anonymous_31)
FNDA:0,(anonymous_32)
FNDA:0,(anonymous_33)
FNDA:0,(anonymous_34)
FNDA:0,(anonymous_35)
FNDA:0,(anonymous_36)
FNDA:0,(anonymous_37)
FNDA:0,(anonymous_38)
FNDA:0,(anonymous_39)
FNDA:0,(anonymous_40)
FNDA:0,(anonymous_41)
FNDA:0,(anonymous_42)
FNDA:0,(anonymous_43)
FNDA:0,(anonymous_44)
FNDA:0,(anonymous_45)
FNDA:0,(anonymous_46)
FNDA:0,(anonymous_47)
FNDA:0,(anonymous_48)
DA:4,0
DA:5,0
DA:7,0
DA:8,0
DA:9,0
DA:10,0
DA:11,0
DA:12,0
DA:14,0
DA:15,0
DA:16,0
DA:17,0
DA:18,0
DA:19,0
DA:20,0
DA:21,0
DA:23,0
DA:24,0
DA:25,0
DA:27,0
DA:39,0
DA:40,0
DA:41,0
DA:45,0
DA:46,0
DA:47,0
DA:48,0
DA:49,0
DA:50,0
DA:51,0
DA:57,0
DA:61,0
DA:65,0
DA:66,0
DA:71,0
DA:73,0
DA:75,0
DA:76,0
DA:77,0
DA:79,0
DA:80,0
DA:82,0
DA:90,0
DA:91,0
DA:92,0
DA:95,0
DA:96,0
DA:97,0
DA:99,0
DA:102,0
DA:105,0
DA:107,0
DA:108,0
DA:109,0
DA:111,0
DA:113,0
DA:116,0
DA:118,0
DA:119,0
DA:120,0
DA:122,0
DA:124,0
DA:126,0
DA:130,0
DA:131,0
DA:132,0
DA:133,0
DA:135,0
DA:138,0
DA:141,0
DA:146,0
DA:151,0
DA:158,0
DA:159,0
DA:161,0
DA:162,0
DA:167,0
DA:168,0
DA:169,0
DA:173,0
DA:174,0
DA:175,0
DA:180,0
DA:181,0
DA:187,0
DA:188,0
DA:189,0
DA:195,0
DA:197,0
DA:198,0
DA:201,0
DA:203,0
DA:204,0
DA:209,0
DA:210,0
DA:211,0
DA:215,0
DA:219,0
DA:220,0
DA:221,0
DA:223,0
DA:225,0
DA:226,0
DA:227,0
DA:228,0
DA:229,0
DA:232,0
DA:235,0
DA:237,0
DA:239,0
DA:240,0
DA:241,0
DA:242,0
DA:243,0
DA:246,0
DA:252,0
DA:253,0
DA:255,0
DA:256,0
DA:257,0
DA:260,0
DA:261,0
DA:263,0
DA:264,0
DA:267,0
DA:275,0
DA:277,0
DA:283,0
DA:285,0
DA:286,0
DA:287,0
DA:291,0
DA:292,0
DA:298,0
DA:299,0
DA:300,0
DA:301,0
DA:302,0
DA:303,0
DA:306,0
DA:311,0
DA:313,0
DA:315,0
DA:318,0
DA:321,0
DA:323,0
DA:324,0
DA:326,0
DA:327,0
DA:329,0
DA:330,0
DA:331,0
DA:334,0
DA:335,0
DA:338,0
DA:339,0
DA:341,0
DA:342,0
DA:343,0
DA:344,0
DA:347,0
DA:348,0
DA:349,0
DA:350,0
DA:354,0
DA:357,0
DA:358,0
DA:360,0
DA:361,0
DA:363,0
DA:364,0
DA:365,0
DA:366,0
DA:368,0
DA:370,0
DA:371,0
DA:373,0
DA:374,0
DA:376,0
DA:377,0
DA:379,0
DA:383,0
DA:385,0
DA:386,0
DA:387,0
DA:388,0
DA:390,0
DA:391,0
DA:401,0
DA:406,0
DA:407,0
DA:409,0
DA:410,0
DA:415,0
DA:422,0
DA:424,0
DA:425,0
DA:426,0
DA:429,0
DA:430,0
DA:437,0
DA:438,0
DA:443,0
DA:444,0
DA:448,0
DA:449,0
DA:451,0
DA:456,0
DA:458,0
DA:459,0
DA:460,0
DA:461,0
DA:464,0
DA:467,0
DA:468,0
DA:469,0
DA:470,0
DA:473,0
DA:474,0
DA:479,0
DA:482,0
DA:483,0
DA:485,0
DA:486,0
DA:487,0
DA:489,0
DA:490,0
DA:491,0
DA:492,0
DA:495,0
DA:497,0
DA:498,0
DA:499,0
DA:501,0
DA:503,0
DA:507,0
DA:514,0
DA:517,0
DA:523,0
DA:527,0
DA:532,0
DA:533,0
DA:537,0
DA:541,0
DA:542,0
DA:543,0
DA:546,0
DA:550,0
DA:551,0
DA:554,0
DA:555,0
DA:559,0
DA:560,0
DA:562,0
DA:575,0
DA:576,0
DA:579,0
DA:581,0
DA:584,0
DA:585,0
DA:586,0
DA:592,0
DA:597,0
DA:598,0
DA:599,0
DA:601,0
DA:605,0
DA:606,0
DA:607,0
DA:610,0
DA:611,0
DA:612,0
DA:613,0
DA:616,0
DA:617,0
DA:620,0
DA:622,0
DA:624,0
DA:636,0
DA:639,0
DA:641,0
DA:642,0
DA:643,0
DA:645,0
DA:646,0
DA:647,0
DA:650,0
DA:651,0
DA:655,0
DA:656,0
DA:657,0
DA:661,0
DA:663,0
DA:665,0
DA:666,0
DA:668,0
DA:669,0
DA:670,0
DA:671,0
DA:674,0
DA:677,0
DA:679,0
DA:680,0
DA:682,0
DA:683,0
DA:686,0
DA:687,0
DA:688,0
DA:690,0
DA:691,0
DA:692,0
DA:693,0
DA:694,0
DA:699,0
DA:700,0
DA:704,0
DA:705,0
DA:706,0
DA:709,0
DA:710,0
DA:716,0
DA:718,0
DA:719,0
DA:722,0
DA:727,0
DA:728,0
DA:735,0
DA:738,0
DA:739,0
DA:748,0
DA:749,0
DA:753,0
DA:754,0
DA:765,0
DA:770,0
DA:771,0
DA:773,0
DA:775,0
DA:776,0
DA:777,0
DA:778,0
DA:779,0
DA:782,0
DA:784,0
DA:786,0
DA:787,0
DA:790,0
DA:793,0
DA:794,0
DA:795,0
DA:797,0
DA:798,0
DA:799,0
DA:801,0
DA:804,0
DA:805,0
DA:808,0
DA:815,0
DA:816,0
DA:821,0
DA:822,0
DA:828,0
DA:829,0
DA:833,0
DA:834,0
DA:839,0
DA:842,0
DA:846,0
DA:847,0
DA:850,0
DA:853,0
DA:857,0
DA:858,0
DA:860,0
DA:865,0
DA:866,0
DA:869,0
DA:872,0
DA:873,0
DA:876,0
DA:877,0
DA:881,0
DA:882,0
DA:884,0
DA:889,0
DA:891,0
DA:892,0
DA:894,0
DA:895,0
DA:896,0
DA:899,0
DA:900,0
DA:901,0
DA:902,0
DA:903,0
DA:906,0
DA:911,0
DA:912,0
DA:913,0
DA:916,0
DA:918,0
DA:924,0
DA:926,0
DA:927,0
DA:928,0
DA:932,0
DA:933,0
DA:940,0
DA:941,0
DA:942,0
DA:945,0
DA:948,0
DA:951,0
DA:952,0
DA:953,0
DA:955,0
DA:956,0
DA:957,0
DA:958,0
DA:959,0
DA:960,0
DA:963,0
DA:967,0
DA:968,0
DA:971,0
DA:977,0
DA:980,0
DA:981,0
DA:982,0
DA:984,0
DA:985,0
DA:986,0
DA:989,0
DA:990,0
DA:993,0
DA:997,0
DA:1001,0
DA:1002,0
DA:1003,0
DA:1005,0
DA:1006,0
DA:1007,0
DA:1010,0
DA:1014,0
DA:1017,0
DA:1020,0
DA:1021,0
DA:1024,0
DA:1032,0
DA:1033,0
DA:1034,0
DA:1041,0
DA:1042,0
DA:1043,0
DA:1050,0
DA:1051,0
DA:1054,0
DA:1055,0
DA:1057,0
DA:1059,0
DA:1060,0
DA:1063,0
DA:1064,0
DA:1067,0
DA:1068,0
DA:1069,0
DA:1070,0
DA:1073,0
DA:1074,0
DA:1078,0
DA:1086,0
DA:1087,0
DA:1090,0
DA:1091,0
DA:1093,0
DA:1096,0
DA:1097,0
DA:1098,0
DA:1100,0
DA:1101,0
DA:1102,0
DA:1104,0
DA:1105,0
DA:1106,0
DA:1108,0
DA:1109,0
DA:1112,0
DA:1119,0
DA:1120,0
DA:1123,0
DA:1126,0
DA:1127,0
DA:1128,0
DA:1129,0
DA:1132,0
DA:1137,0
DA:1138,0
DA:1140,0
DA:1141,0
DA:1142,0
DA:1143,0
DA:1147,0
DA:1156,0
DA:1157,0
DA:1158,0
DA:1159,0
DA:1162,0
DA:1163,0
DA:1168,0
DA:1169,0
DA:1170,0
DA:1171,0
DA:1174,0
DA:1177,0
DA:1178,0
DA:1182,0
DA:1183,0
DA:1187,0
DA:1188,0
DA:1191,0
DA:1195,0
DA:1196,0
DA:1199,0
DA:1201,0
DA:1202,0
DA:1203,0
DA:1206,0
DA:1207,0
DA:1208,0
DA:1209,0
DA:1212,0
DA:1213,0
DA:1214,0
DA:1216,0
DA:1217,0
DA:1221,0
DA:1225,0
DA:1226,0
DA:1227,0
DA:1231,0
DA:1232,0
DA:1233,0
DA:1236,0
DA:1237,0
DA:1238,0
DA:1239,0
DA:1240,0
DA:1245,0
DA:1246,0
DA:1249,0
DA:1253,0
DA:1254,0
DA:1255,0
DA:1258,0
DA:1262,0
LF:555
LH:0
BRDA:85,0,0,0
BRDA:85,0,1,0
BRDA:90,1,0,0
BRDA:90,1,1,0
BRDA:92,2,0,0
BRDA:92,2,1,0
BRDA:92,2,2,0
BRDA:92,2,3,0
BRDA:95,3,0,0
BRDA:95,3,1,0
BRDA:97,4,0,0
BRDA:97,4,1,0
BRDA:105,5,0,0
BRDA:105,5,1,0
BRDA:105,6,0,0
BRDA:105,6,1,0
BRDA:116,7,0,0
BRDA:116,7,1,0
BRDA:135,8,0,0
BRDA:135,8,1,0
BRDA:141,9,0,0
BRDA:141,9,1,0
BRDA:146,10,0,0
BRDA:146,10,1,0
BRDA:152,11,0,0
BRDA:152,11,1,0
BRDA:158,12,0,0
BRDA:158,12,1,0
BRDA:161,13,0,0
BRDA:161,13,1,0
BRDA:173,14,0,0
BRDA:173,14,1,0
BRDA:173,15,0,0
BRDA:173,15,1,0
BRDA:174,16,0,0
BRDA:174,16,1,0
BRDA:180,17,0,0
BRDA:180,17,1,0
BRDA:187,18,0,0
BRDA:187,18,1,0
BRDA:203,19,0,0
BRDA:203,19,1,0
BRDA:203,20,0,0
BRDA:203,20,1,0
BRDA:219,21,0,0
BRDA:219,21,1,0
BRDA:221,22,0,0
BRDA:221,22,1,0
BRDA:221,23,0,0
BRDA:221,23,1,0
BRDA:221,23,2,0
BRDA:235,24,0,0
BRDA:235,24,1,0
BRDA:235,25,0,0
BRDA:235,25,1,0
BRDA:255,26,0,0
BRDA:255,26,1,0
BRDA:278,27,0,0
BRDA:278,27,1,0
BRDA:279,28,0,0
BRDA:279,28,1,0
BRDA:280,29,0,0
BRDA:280,29,1,0
BRDA:292,30,0,0
BRDA:292,30,1,0
BRDA:318,31,0,0
BRDA:318,31,1,0
BRDA:330,32,0,0
BRDA:330,32,1,0
BRDA:331,33,0,0
BRDA:331,33,1,0
BRDA:363,34,0,0
BRDA:363,34,1,0
BRDA:364,35,0,0
BRDA:364,35,1,0
BRDA:370,36,0,0
BRDA:370,36,1,0
BRDA:370,37,0,0
BRDA:370,37,1,0
BRDA:371,38,0,0
BRDA:371,38,1,0
BRDA:373,39,0,0
BRDA:373,39,1,0
BRDA:373,40,0,0
BRDA:373,40,1,0
BRDA:374,41,0,0
BRDA:374,41,1,0
BRDA:376,42,0,0
BRDA:376,42,1,0
BRDA:376,43,0,0
BRDA:376,43,1,0
BRDA:377,44,0,0
BRDA:377,44,1,0
BRDA:380,45,0,0
BRDA:380,45,1,0
BRDA:380,46,0,0
BRDA:380,46,1,0
BRDA:383,47,0,0
BRDA:383,47,1,0
BRDA:383,48,0,0
BRDA:383,48,1,0
BRDA:390,49,0,0
BRDA:390,49,1,0
BRDA:424,50,0,0
BRDA:424,50,1,0
BRDA:429,51,0,0
BRDA:429,51,1,0
BRDA:437,52,0,0
BRDA:437,52,1,0
BRDA:448,53,0,0
BRDA:448,53,1,0
BRDA:468,54,0,0
BRDA:468,54,1,0
BRDA:473,55,0,0
BRDA:473,55,1,0
BRDA:490,56,0,0
BRDA:490,56,1,0
BRDA:501,57,0,0
BRDA:501,57,1,0
BRDA:541,58,0,0
BRDA:541,58,1,0
BRDA:546,59,0,0
BRDA:546,59,1,0
BRDA:550,60,0,0
BRDA:550,60,1,0
BRDA:559,61,0,0
BRDA:559,61,1,0
BRDA:585,62,0,0
BRDA:585,62,1,0
BRDA:586,63,0,0
BRDA:586,63,1,0
BRDA:592,64,0,0
BRDA:592,64,1,0
BRDA:616,65,0,0
BRDA:616,65,1,0
BRDA:620,66,0,0
BRDA:620,66,1,0
BRDA:642,67,0,0
BRDA:642,67,1,0
BRDA:650,68,0,0
BRDA:650,68,1,0
BRDA:655,69,0,0
BRDA:655,69,1,0
BRDA:666,70,0,0
BRDA:666,70,1,0
BRDA:668,71,0,0
BRDA:668,71,1,0
BRDA:677,72,0,0
BRDA:677,72,1,0
BRDA:677,73,0,0
BRDA:677,73,1,0
BRDA:679,74,0,0
BRDA:679,74,1,0
BRDA:693,75,0,0
BRDA:693,75,1,0
BRDA:718,76,0,0
BRDA:718,76,1,0
BRDA:748,77,0,0
BRDA:748,77,1,0
BRDA:748,78,0,0
BRDA:748,78,1,0
BRDA:775,79,0,0
BRDA:775,79,1,0
BRDA:798,80,0,0
BRDA:798,80,1,0
BRDA:804,81,0,0
BRDA:804,81,1,0
BRDA:815,82,0,0
BRDA:815,82,1,0
BRDA:857,83,0,0
BRDA:857,83,1,0
BRDA:857,84,0,0
BRDA:857,84,1,0
BRDA:872,85,0,0
BRDA:872,85,1,0
BRDA:881,86,0,0
BRDA:881,86,1,0
BRDA:881,87,0,0
BRDA:881,87,1,0
BRDA:894,88,0,0
BRDA:894,88,1,0
BRDA:911,89,0,0
BRDA:911,89,1,0
BRDA:919,90,0,0
BRDA:919,90,1,0
BRDA:920,91,0,0
BRDA:920,91,1,0
BRDA:921,92,0,0
BRDA:921,92,1,0
BRDA:933,93,0,0
BRDA:933,93,1,0
BRDA:940,94,0,0
BRDA:940,94,1,0
BRDA:951,95,0,0
BRDA:951,95,1,0
BRDA:955,96,0,0
BRDA:955,96,1,0
BRDA:967,97,0,0
BRDA:967,97,1,0
BRDA:982,98,0,0
BRDA:982,98,1,0
BRDA:1005,99,0,0
BRDA:1005,99,1,0
BRDA:1014,100,0,0
BRDA:1014,100,1,0
BRDA:1024,101,0,0
BRDA:1024,101,1,0
BRDA:1050,102,0,0
BRDA:1050,102,1,0
BRDA:1068,103,0,0
BRDA:1068,103,1,0
BRDA:1093,104,0,0
BRDA:1093,104,1,0
BRDA:1093,104,2,0
BRDA:1093,104,3,0
BRDA:1096,105,0,0
BRDA:1096,105,1,0
BRDA:1100,106,0,0
BRDA:1100,106,1,0
BRDA:1104,107,0,0
BRDA:1104,107,1,0
BRDA:1119,108,0,0
BRDA:1119,108,1,0
BRDA:1126,109,0,0
BRDA:1126,109,1,0
BRDA:1126,110,0,0
BRDA:1126,110,1,0
BRDA:1132,111,0,0
BRDA:1132,111,1,0
BRDA:1137,112,0,0
BRDA:1137,112,1,0
BRDA:1137,113,0,0
BRDA:1137,113,1,0
BRDA:1141,114,0,0
BRDA:1141,114,1,0
BRDA:1147,115,0,0
BRDA:1147,115,1,0
BRDA:1162,116,0,0
BRDA:1162,116,1,0
BRDA:1177,117,0,0
BRDA:1177,117,1,0
BRDA:1182,118,0,0
BRDA:1182,118,1,0
BRDA:1206,119,0,0
BRDA:1206,119,1,0
BRDA:1212,120,0,0
BRDA:1212,120,1,0
BRDA:1216,121,0,0
BRDA:1216,121,1,0
BRDA:1226,122,0,0
BRDA:1226,122,1,0
BRDA:1231,123,0,0
BRDA:1231,123,1,0
BRDA:1238,124,0,0
BRDA:1238,124,1,0
BRDA:1254,125,0,0
BRDA:1254,125,1,0
BRF:257
BRH:0
end_of_record
TN:
SF:src\webhook.ts
FN:11,sleep
FN:12,(anonymous_10)
FN:26,(anonymous_11)
FN:35,(anonymous_12)
FN:42,(anonymous_13)
FN:46,(anonymous_14)
FN:51,(anonymous_15)
FN:59,(anonymous_16)
FN:61,(anonymous_17)
FN:70,(anonymous_18)
FN:181,(anonymous_19)
FN:208,(anonymous_20)
FN:221,(anonymous_21)
FN:231,(anonymous_22)
FN:234,(anonymous_23)
FN:247,(anonymous_24)
FN:254,(anonymous_25)
FN:261,(anonymous_26)
FN:292,(anonymous_27)
FN:293,(anonymous_28)
FN:301,(anonymous_29)
FN:344,(anonymous_30)
FN:360,(anonymous_31)
FN:372,(anonymous_32)
FN:401,(anonymous_33)
FN:422,(anonymous_34)
FN:437,(anonymous_35)
FN:448,(anonymous_36)
FN:463,(anonymous_37)
FN:478,(anonymous_38)
FN:479,(anonymous_39)
FN:481,(anonymous_40)
FN:484,(anonymous_41)
FN:499,(anonymous_42)
FN:521,(anonymous_43)
FN:543,(anonymous_44)
FN:560,(anonymous_45)
FN:577,(anonymous_46)
FN:597,(anonymous_47)
FN:615,createWebhookServer
FNF:40
FNH:0
FNDA:0,sleep
FNDA:0,(anonymous_10)
FNDA:0,(anonymous_11)
FNDA:0,(anonymous_12)
FNDA:0,(anonymous_13)
FNDA:0,(anonymous_14)
FNDA:0,(anonymous_15)
FNDA:0,(anonymous_16)
FNDA:0,(anonymous_17)
FNDA:0,(anonymous_18)
FNDA:0,(anonymous_19)
FNDA:0,(anonymous_20)
FNDA:0,(anonymous_21)
FNDA:0,(anonymous_22)
FNDA:0,(anonymous_23)
FNDA:0,(anonymous_24)
FNDA:0,(anonymous_25)
FNDA:0,(anonymous_26)
FNDA:0,(anonymous_27)
FNDA:0,(anonymous_28)
FNDA:0,(anonymous_29)
FNDA:0,(anonymous_30)
FNDA:0,(anonymous_31)
FNDA:0,(anonymous_32)
FNDA:0,(anonymous_33)
FNDA:0,(anonymous_34)
FNDA:0,(anonymous_35)
FNDA:0,(anonymous_36)
FNDA:0,(anonymous_37)
FNDA:0,(anonymous_38)
FNDA:0,(anonymous_39)
FNDA:0,(anonymous_40)
FNDA:0,(anonymous_41)
FNDA:0,(anonymous_42)
FNDA:0,(anonymous_43)
FNDA:0,(anonymous_44)
FNDA:0,(anonymous_45)
FNDA:0,(anonymous_46)
FNDA:0,(anonymous_47)
FNDA:0,createWebhookServer
DA:3,0
DA:4,0
DA:5,0
DA:6,0
DA:12,0
DA:19,0
DA:23,0
DA:24,0
DA:27,0
DA:28,0
DA:29,0
DA:36,0
DA:37,0
DA:38,0
DA:42,0
DA:44,0
DA:46,0
DA:47,0
DA:51,0
DA:52,0
DA:60,0
DA:61,0
DA:62,0
DA:71,0
DA:72,0
DA:75,0
DA:76,0
DA:77,0
DA:78,0
DA:82,0
DA:83,0
DA:84,0
DA:87,0
DA:88,0
DA:89,0
DA:90,0
DA:91,0
DA:95,0
DA:96,0
DA:97,0
DA:98,0
DA:99,0
DA:100,0
DA:105,0
DA:106,0
DA:109,0
DA:110,0
DA:111,0
DA:112,0
DA:116,0
DA:117,0
DA:118,0
DA:119,0
DA:120,0
DA:124,0
DA:125,0
DA:126,0
DA:127,0
DA:128,0
DA:132,0
DA:133,0
DA:134,0
DA:135,0
DA:136,0
DA:140,0
DA:141,0
DA:142,0
DA:143,0
DA:144,0
DA:145,0
DA:149,0
DA:150,0
DA:151,0
DA:152,0
DA:153,0
DA:157,0
DA:160,0
DA:161,0
DA:162,0
DA:163,0
DA:164,0
DA:165,0
DA:168,0
DA:169,0
DA:170,0
DA:174,0
DA:183,0
DA:184,0
DA:185,0
DA:186,0
DA:188,0
DA:189,0
DA:191,0
DA:192,0
DA:194,0
DA:195,0
DA:197,0
DA:198,0
DA:201,0
DA:210,0
DA:211,0
DA:214,0
DA:215,0
DA:223,0
DA:224,0
DA:227,0
DA:228,0
DA:231,0
DA:234,0
DA:235,0
DA:236,0
DA:240,0
DA:241,0
DA:249,0
DA:250,0
DA:254,0
DA:255,0
DA:257,0
DA:261,0
DA:263,0
DA:266,0
DA:268,0
DA:270,0
DA:272,0
DA:274,0
DA:276,0
DA:282,0
DA:284,0
DA:293,0
DA:294,0
DA:302,0
DA:303,0
DA:304,0
DA:307,0
DA:309,0
DA:311,0
DA:312,0
DA:313,0
DA:314,0
DA:315,0
DA:316,0
DA:319,0
DA:320,0
DA:323,0
DA:324,0
DA:328,0
DA:331,0
DA:332,0
DA:333,0
DA:338,0
DA:345,0
DA:354,0
DA:362,0
DA:363,0
DA:364,0
DA:366,0
DA:374,0
DA:375,0
DA:378,0
DA:379,0
DA:380,0
DA:383,0
DA:385,0
DA:387,0
DA:389,0
DA:391,0
DA:393,0
DA:394,0
DA:402,0
DA:403,0
DA:405,0
DA:406,0
DA:408,0
DA:409,0
DA:411,0
DA:412,0
DA:415,0
DA:423,0
DA:424,0
DA:425,0
DA:428,0
DA:429,0
DA:430,0
DA:431,0
DA:438,0
DA:439,0
DA:440,0
DA:442,0
DA:449,0
DA:450,0
DA:451,0
DA:454,0
DA:455,0
DA:456,0
DA:457,0
DA:464,0
DA:465,0
DA:466,0
DA:469,0
DA:470,0
DA:471,0
DA:472,0
DA:479,0
DA:480,0
DA:481,0
DA:482,0
DA:484,0
DA:485,0
DA:486,0
DA:489,0
DA:492,0
DA:500,0
DA:503,0
DA:505,0
DA:507,0
DA:509,0
DA:511,0
DA:513,0
DA:514,0
DA:523,0
DA:524,0
DA:526,0
DA:527,0
DA:529,0
DA:530,0
DA:532,0
DA:533,0
DA:536,0
DA:544,0
DA:545,0
DA:546,0
DA:549,0
DA:550,0
DA:551,0
DA:554,0
DA:561,0
DA:562,0
DA:563,0
DA:566,0
DA:567,0
DA:568,0
DA:571,0
DA:578,0
DA:579,0
DA:580,0
DA:581,0
DA:582,0
DA:586,0
DA:587,0
DA:588,0
DA:591,0
DA:598,0
DA:599,0
DA:600,0
DA:603,0
DA:604,0
DA:605,0
DA:608,0
DA:615,0
DA:616,0
DA:617,0
DA:619,0
DA:620,0
DA:621,0
DA:624,0
DA:625,0
DA:626,0
DA:629,0
DA:630,0
LF:269
LH:0
BRDA:36,0,0,0
BRDA:36,0,1,0
BRDA:60,1,0,0
BRDA:60,1,1,0
BRDA:72,2,0,0
BRDA:72,2,1,0
BRDA:75,3,0,0
BRDA:75,3,1,0
BRDA:75,4,0,0
BRDA:75,4,1,0
BRDA:87,5,0,0
BRDA:87,5,1,0
BRDA:95,6,0,0
BRDA:95,6,1,0
BRDA:96,7,0,0
BRDA:96,7,1,0
BRDA:111,8,0,0
BRDA:111,8,1,0
BRDA:116,9,0,0
BRDA:116,9,1,0
BRDA:124,10,0,0
BRDA:124,10,1,0
BRDA:132,11,0,0
BRDA:132,11,1,0
BRDA:141,12,0,0
BRDA:141,12,1,0
BRDA:149,13,0,0
BRDA:149,13,1,0
BRDA:168,14,0,0
BRDA:168,14,1,0
BRDA:170,15,0,0
BRDA:170,15,1,0
BRDA:188,16,0,0
BRDA:188,16,1,0
BRDA:191,17,0,0
BRDA:191,17,1,0
BRDA:194,18,0,0
BRDA:194,18,1,0
BRDA:197,19,0,0
BRDA:197,19,1,0
BRDA:210,20,0,0
BRDA:210,20,1,0
BRDA:210,21,0,0
BRDA:210,21,1,0
BRDA:210,21,2,0
BRDA:223,22,0,0
BRDA:223,22,1,0
BRDA:223,23,0,0
BRDA:223,23,1,0
BRDA:235,24,0,0
BRDA:235,24,1,0
BRDA:249,25,0,0
BRDA:249,25,1,0
BRDA:249,26,0,0
BRDA:249,26,1,0
BRDA:255,27,0,0
BRDA:255,27,1,0
BRDA:266,28,0,0
BRDA:266,28,1,0
BRDA:266,28,2,0
BRDA:266,28,3,0
BRDA:266,28,4,0
BRDA:266,28,5,0
BRDA:266,28,6,0
BRDA:272,29,0,0
BRDA:272,29,1,0
BRDA:272,29,2,0
BRDA:274,30,0,0
BRDA:274,30,1,0
BRDA:274,30,2,0
BRDA:276,31,0,0
BRDA:276,31,1,0
BRDA:278,32,0,0
BRDA:278,32,1,0
BRDA:282,33,0,0
BRDA:282,33,1,0
BRDA:294,34,0,0
BRDA:294,34,1,0
BRDA:294,35,0,0
BRDA:294,35,1,0
BRDA:302,36,0,0
BRDA:302,36,1,0
BRDA:303,37,0,0
BRDA:303,37,1,0
BRDA:304,38,0,0
BRDA:304,38,1,0
BRDA:323,39,0,0
BRDA:323,39,1,0
BRDA:338,40,0,0
BRDA:338,40,1,0
BRDA:363,41,0,0
BRDA:363,41,1,0
BRDA:366,42,0,0
BRDA:366,42,1,0
BRDA:378,43,0,0
BRDA:378,43,1,0
BRDA:383,44,0,0
BRDA:383,44,1,0
BRDA:383,44,2,0
BRDA:383,44,3,0
BRDA:383,44,4,0
BRDA:402,45,0,0
BRDA:402,45,1,0
BRDA:405,46,0,0
BRDA:405,46,1,0
BRDA:408,47,0,0
BRDA:408,47,1,0
BRDA:411,48,0,0
BRDA:411,48,1,0
BRDA:424,49,0,0
BRDA:424,49,1,0
BRDA:424,50,0,0
BRDA:424,50,1,0
BRDA:424,50,2,0
BRDA:439,51,0,0
BRDA:439,51,1,0
BRDA:439,52,0,0
BRDA:439,52,1,0
BRDA:450,53,0,0
BRDA:450,53,1,0
BRDA:450,54,0,0
BRDA:450,54,1,0
BRDA:465,55,0,0
BRDA:465,55,1,0
BRDA:465,56,0,0
BRDA:465,56,1,0
BRDA:503,57,0,0
BRDA:503,57,1,0
BRDA:503,57,2,0
BRDA:503,57,3,0
BRDA:503,57,4,0
BRDA:523,58,0,0
BRDA:523,58,1,0
BRDA:523,59,0,0
BRDA:523,59,1,0
BRDA:523,59,2,0
BRDA:526,60,0,0
BRDA:526,60,1,0
BRDA:526,61,0,0
BRDA:526,61,1,0
BRDA:529,62,0,0
BRDA:529,62,1,0
BRDA:529,63,0,0
BRDA:529,63,1,0
BRDA:532,64,0,0
BRDA:532,64,1,0
BRDA:532,65,0,0
BRDA:532,65,1,0
BRDA:544,66,0,0
BRDA:544,66,1,0
BRDA:545,67,0,0
BRDA:545,67,1,0
BRDA:546,68,0,0
BRDA:546,68,1,0
BRDA:549,69,0,0
BRDA:549,69,1,0
BRDA:550,70,0,0
BRDA:550,70,1,0
BRDA:550,71,0,0
BRDA:550,71,1,0
BRDA:550,71,2,0
BRDA:561,72,0,0
BRDA:561,72,1,0
BRDA:562,73,0,0
BRDA:562,73,1,0
BRDA:563,74,0,0
BRDA:563,74,1,0
BRDA:566,75,0,0
BRDA:566,75,1,0
BRDA:567,76,0,0
BRDA:567,76,1,0
BRDA:567,77,0,0
BRDA:567,77,1,0
BRDA:578,78,0,0
BRDA:578,78,1,0
BRDA:579,79,0,0
BRDA:579,79,1,0
BRDA:579,80,0,0
BRDA:579,80,1,0
BRDA:579,80,2,0
BRDA:580,81,0,0
BRDA:580,81,1,0
BRDA:581,82,0,0
BRDA:581,82,1,0
BRDA:582,83,0,0
BRDA:582,83,1,0
BRDA:586,84,0,0
BRDA:586,84,1,0
BRDA:586,85,0,0
BRDA:586,85,1,0
BRDA:587,86,0,0
BRDA:587,86,1,0
BRDA:587,87,0,0
BRDA:587,87,1,0
BRDA:587,87,2,0
BRDA:598,88,0,0
BRDA:598,88,1,0
BRDA:599,89,0,0
BRDA:599,89,1,0
BRDA:600,90,0,0
BRDA:600,90,1,0
BRDA:603,91,0,0
BRDA:603,91,1,0
BRDA:604,92,0,0
BRDA:604,92,1,0
BRDA:604,93,0,0
BRDA:604,93,1,0
BRDA:604,93,2,0
BRDA:619,94,0,0
BRDA:619,94,1,0
BRDA:619,95,0,0
BRDA:619,95,1,0
BRDA:629,96,0,0
BRDA:629,96,1,0
BRF:214
BRH:0
end_of_record
